TN:
SF:modules/action-setup.js
FN:5,getVscodeInstance
FN:9,prepareActionSetup
FN:25,(anonymous_2)
FN:27,(anonymous_3)
FN:48,asyncPrepareActionSetup
FN:49,(anonymous_5)
FNF:6
FNH:1
FNDA:0,getVscodeInstance
FNDA:1,prepareActionSetup
FNDA:0,(anonymous_2)
FNDA:0,(anonymous_3)
FNDA:0,asyncPrepareActionSetup
FNDA:0,(anonymous_5)
DA:1,1
DA:2,1
DA:3,1
DA:6,0
DA:10,1
DA:12,1
DA:14,1
DA:15,1
DA:17,1
DA:18,1
DA:19,1
DA:21,1
DA:26,0
DA:28,0
DA:29,0
DA:31,0
DA:44,0
DA:49,0
DA:50,0
DA:51,0
DA:53,0
DA:55,0
DA:60,1
LF:23
LH:12
BRDA:9,0,0,0
BRDA:10,1,0,0
BRDA:10,1,1,1
BRDA:48,2,0,0
BRF:4
BRH:1
end_of_record
TN:
SF:modules/astTraverse.js
FN:5,traverse
FN:8,(anonymous_1)
FN:14,(anonymous_2)
FNF:3
FNH:2
FNDA:144,traverse
FNDA:10,(anonymous_1)
FNDA:0,(anonymous_2)
DA:1,1
DA:2,1
DA:3,1
DA:6,144
DA:9,10
DA:11,10
DA:12,1
DA:13,9
DA:14,0
DA:15,0
DA:17,9
DA:18,0
DA:21,9
DA:26,1
LF:14
LH:11
BRDA:11,0,0,1
BRDA:11,0,1,9
BRDA:13,1,0,0
BRDA:13,1,1,9
BRDA:17,2,0,0
BRDA:17,2,1,9
BRF:6
BRH:4
end_of_record
TN:
SF:modules/conditionals-service.js
FN:4,invertTestExpression
FNF:1
FNH:1
FNDA:2,invertTestExpression
DA:1,1
DA:2,1
DA:5,2
DA:6,1
DA:8,1
DA:10,1
DA:14,1
LF:7
LH:7
BRDA:5,0,0,1
BRDA:5,0,1,1
BRDA:5,1,0,2
BRDA:5,1,1,1
BRF:4
BRH:4
end_of_record
TN:
SF:modules/config-service.js
FN:5,setConfigOptions
FN:6,(anonymous_1)
FN:11,getConfig
FNF:3
FNH:1
FNDA:0,setConfigOptions
FNDA:0,(anonymous_1)
FNDA:11,getConfig
DA:1,1
DA:6,0
DA:7,0
DA:12,11
DA:15,1
LF:5
LH:3
BRF:0
BRH:0
end_of_record
TN:
SF:modules/core-utils.js
FN:1,reverse
FN:8,getNodeType
FN:12,(anonymous_2)
FN:13,(anonymous_3)
FNF:4
FNH:4
FNDA:98,reverse
FNDA:7198,getNodeType
FNDA:112,(anonymous_2)
FNDA:65,(anonymous_3)
DA:2,98
DA:3,98
DA:5,98
DA:9,7198
DA:12,112
DA:13,65
DA:16,1
LF:7
LH:7
BRDA:9,0,0,7187
BRDA:9,0,1,11
BRDA:9,1,0,7198
BRDA:9,1,1,7190
BRF:4
BRH:4
end_of_record
TN:
SF:modules/function-expression-string-service.js
FN:7,getNewFunctionExpressionString
FNF:1
FNH:1
FNDA:10,getNewFunctionExpressionString
DA:1,1
DA:2,1
DA:3,1
DA:4,1
DA:5,1
DA:13,10
DA:15,10
DA:16,10
DA:17,10
DA:19,10
DA:28,10
DA:29,6
DA:33,6
DA:40,4
DA:44,1
LF:15
LH:15
BRDA:11,0,0,5
BRDA:28,1,0,6
BRDA:28,1,1,4
BRDA:28,2,0,10
BRDA:28,2,1,6
BRDA:29,3,0,4
BRDA:29,3,1,2
BRF:7
BRH:7
end_of_record
TN:
SF:modules/node-path.js
FN:5,nodeStartContainsSelectionStart
FN:11,nodeEndContainsSelectionEnd
FN:17,nodeContainsSelection
FN:36,buildNodePath
FN:40,(anonymous_4)
FNF:5
FNH:5
FNDA:4927,nodeStartContainsSelectionStart
FNDA:2188,nodeEndContainsSelectionEnd
FNDA:4927,nodeContainsSelection
FNDA:124,buildNodePath
FNDA:4924,(anonymous_4)
DA:1,1
DA:2,1
DA:3,1
DA:6,4927
DA:12,2188
DA:18,4927
DA:37,124
DA:39,124
DA:41,4924
DA:42,627
DA:45,4924
DA:46,9
DA:53,124
DA:56,1
LF:14
LH:14
BRDA:6,0,0,4927
BRDA:6,0,1,3093
BRDA:6,0,2,613
BRDA:12,1,0,2188
BRDA:12,1,1,1717
BRDA:12,1,2,243
BRDA:18,2,0,4927
BRDA:18,2,1,2188
BRDA:41,3,0,627
BRDA:41,3,1,4297
BRDA:45,4,0,9
BRDA:45,4,1,4915
BRF:12
BRH:12
end_of_record
TN:
SF:modules/react-service.js
FN:4,isJsxElement
FN:8,wrapJsxExpression
FN:12,wrapJsxElement
FNF:3
FNH:2
FNDA:4,isJsxElement
FNDA:4,wrapJsxExpression
FNDA:0,wrapJsxElement
DA:1,1
DA:2,1
DA:5,4
DA:9,4
DA:13,0
DA:16,1
LF:6
LH:5
BRDA:9,0,0,1
BRDA:9,0,1,3
BRDA:13,1,0,0
BRDA:13,1,1,0
BRF:4
BRH:2
end_of_record
TN:
SF:modules/source-utilities.js
FN:1,locationToSourceSelection
FN:10,getSourceSelection
FN:35,getAllSourceSelections
FN:36,(anonymous_3)
FNF:4
FNH:2
FNDA:88,locationToSourceSelection
FNDA:88,getSourceSelection
FNDA:0,getAllSourceSelections
FNDA:0,(anonymous_3)
DA:2,88
DA:16,88
DA:18,88
DA:20,88
DA:21,0
DA:22,88
DA:23,72
DA:25,16
DA:27,16
DA:28,16
DA:30,16
DA:36,0
DA:37,0
DA:40,1
LF:14
LH:11
BRDA:20,0,0,0
BRDA:20,0,1,88
BRDA:22,1,0,72
BRDA:22,1,1,16
BRF:4
BRH:3
end_of_record
TN:
SF:modules/builders/IfBuilder.js
FN:2,(anonymous_0)
FN:12,(anonymous_1)
FN:22,(anonymous_2)
FN:29,getNewIfBuilder
FNF:4
FNH:4
FNDA:4,(anonymous_0)
FNDA:4,(anonymous_1)
FNDA:4,(anonymous_2)
FNDA:4,getNewIfBuilder
DA:7,4
DA:8,4
DA:9,4
DA:13,4
DA:14,4
DA:19,0
DA:23,4
DA:34,4
DA:41,1
LF:9
LH:8
BRDA:5,0,0,0
BRDA:13,1,0,4
BRDA:13,1,1,0
BRF:3
BRH:1
end_of_record
TN:
SF:modules/builders/MethodBuilder.js
FN:28,(anonymous_0)
FN:44,(anonymous_1)
FN:52,(anonymous_2)
FN:60,(anonymous_3)
FN:68,(anonymous_4)
FN:76,(anonymous_5)
FN:83,(anonymous_6)
FN:87,(anonymous_7)
FN:91,(anonymous_8)
FN:100,(anonymous_9)
FN:108,(anonymous_10)
FN:110,(anonymous_11)
FN:126,(anonymous_12)
FN:141,getMethodBuilder
FNF:14
FNH:14
FNDA:41,(anonymous_0)
FNDA:13,(anonymous_1)
FNDA:6,(anonymous_2)
FNDA:5,(anonymous_3)
FNDA:5,(anonymous_4)
FNDA:18,(anonymous_5)
FNDA:10,(anonymous_6)
FNDA:22,(anonymous_7)
FNDA:2,(anonymous_8)
FNDA:10,(anonymous_9)
FNDA:12,(anonymous_10)
FNDA:15,(anonymous_11)
FNDA:39,(anonymous_12)
FNDA:26,getMethodBuilder
DA:9,1
DA:10,1
DA:11,1
DA:12,1
DA:14,1
DA:22,1
DA:36,41
DA:37,41
DA:38,41
DA:39,41
DA:40,41
DA:41,41
DA:45,13
DA:53,6
DA:61,5
DA:69,5
DA:77,18
DA:79,18
DA:84,10
DA:88,22
DA:92,2
DA:93,2
DA:94,2
DA:95,2
DA:101,10
DA:109,12
DA:110,15
DA:111,12
DA:113,12
DA:118,2
DA:120,10
DA:127,39
DA:128,6
DA:129,33
DA:130,5
DA:131,28
DA:132,5
DA:133,23
DA:134,10
DA:136,13
DA:149,26
DA:159,1
LF:42
LH:42
BRDA:29,0,0,1
BRDA:30,1,0,21
BRDA:31,2,0,1
BRDA:32,3,0,2
BRDA:33,4,0,25
BRDA:34,5,0,24
BRDA:40,6,0,0
BRDA:40,6,1,41
BRDA:41,7,0,1
BRDA:41,7,1,40
BRDA:79,8,0,18
BRDA:79,8,1,18
BRDA:95,9,0,1
BRDA:95,9,1,1
BRDA:101,10,0,1
BRDA:101,10,1,9
BRDA:101,11,0,10
BRDA:101,11,1,8
BRDA:101,11,2,7
BRDA:108,12,0,10
BRDA:113,13,0,2
BRDA:113,13,1,10
BRDA:113,14,0,12
BRDA:113,14,1,10
BRDA:113,14,2,10
BRDA:113,14,3,3
BRDA:127,15,0,6
BRDA:127,15,1,33
BRDA:129,16,0,5
BRDA:129,16,1,28
BRDA:131,17,0,5
BRDA:131,17,1,23
BRDA:133,18,0,10
BRDA:133,18,1,13
BRF:34
BRH:33
end_of_record
TN:
SF:modules/builders/RequireBuilder.js
FN:7,(anonymous_0)
FN:13,(anonymous_1)
FN:14,(anonymous_2)
FN:21,(anonymous_3)
FN:30,getRequireBuilder
FNF:5
FNH:5
FNDA:2,(anonymous_0)
FNDA:1,(anonymous_1)
FNDA:2,(anonymous_2)
FNDA:2,(anonymous_3)
FNDA:2,getRequireBuilder
DA:1,1
DA:8,2
DA:9,2
DA:10,2
DA:14,1
DA:15,2
DA:22,2
DA:26,2
DA:31,2
DA:34,1
LF:10
LH:10
BRDA:15,0,0,1
BRDA:15,0,1,1
BRDA:22,1,0,1
BRDA:22,1,1,1
BRF:4
BRH:4
end_of_record
TN:
SF:modules/builders/VariableBuilder.js
FN:11,(anonymous_0)
FN:14,(anonymous_1)
FN:29,(anonymous_2)
FN:38,getNewVariableBuilder
FNF:4
FNH:4
FNDA:5,(anonymous_0)
FNDA:10,(anonymous_1)
FNDA:10,(anonymous_2)
FNDA:10,getNewVariableBuilder
DA:1,1
DA:3,1
DA:11,5
DA:19,10
DA:20,10
DA:21,10
DA:23,10
DA:30,10
DA:34,10
DA:39,10
DA:42,1
LF:11
LH:11
BRDA:15,0,0,0
BRDA:16,1,0,0
BRDA:17,2,0,0
BRDA:23,3,0,5
BRDA:23,3,1,5
BRDA:23,4,0,10
BRDA:23,4,1,9
BRDA:30,5,0,4
BRDA:30,5,1,6
BRF:9
BRH:6
end_of_record
TN:
SF:modules/commands/change-variable-type/change-variable-type.js
FN:4,getVariableValueString
FN:10,getNewVariableString
FNF:2
FNH:2
FNDA:1,getVariableValueString
FNDA:1,getNewVariableString
DA:1,1
DA:2,1
DA:5,1
DA:7,1
DA:11,1
DA:19,1
LF:6
LH:6
BRF:0
BRH:0
end_of_record
TN:
SF:modules/commands/convert-import-to-commonjs/convert-import-to-commonjs.js
FN:4,createSpecifierRecord
FN:22,convertToRequire
FN:29,(anonymous_2)
FN:31,validateImportNode
FNF:4
FNH:4
FNDA:3,createSpecifierRecord
FNDA:2,convertToRequire
FNDA:1,(anonymous_2)
FNDA:2,validateImportNode
DA:1,1
DA:2,1
DA:5,3
DA:7,3
DA:11,3
DA:15,3
DA:23,2
DA:29,1
DA:32,2
DA:36,1
LF:10
LH:10
BRDA:7,0,0,1
BRDA:7,0,1,2
BRDA:11,1,0,1
BRDA:11,1,1,2
BRDA:32,2,0,2
BRDA:32,2,1,1
BRF:6
BRH:6
end_of_record
TN:
SF:modules/commands/convert-ternary-to-if-else/convert-ternary-to-if-else.js
FN:7,addReturnPrefix
FN:11,getDeclarator
FN:15,getDeclaratorName
FN:19,addVariableDeclarationPrefix
FN:25,expressionIdentity
FN:34,getDeclarationSetup
FN:41,buildNewIfStatement
FN:60,isReturnArgument
FN:64,isVariableDeclaration
FN:68,isProgramScoped
FN:69,(anonymous_10)
FN:80,testParentNode
FN:87,pickParentNode
FN:88,(anonymous_13)
FNF:14
FNH:7
FNDA:2,addReturnPrefix
FNDA:3,getDeclarator
FNDA:3,getDeclaratorName
FNDA:2,addVariableDeclarationPrefix
FNDA:2,expressionIdentity
FNDA:1,getDeclarationSetup
FNDA:3,buildNewIfStatement
FNDA:0,isReturnArgument
FNDA:0,isVariableDeclaration
FNDA:0,isProgramScoped
FNDA:0,(anonymous_10)
FNDA:0,testParentNode
FNDA:0,pickParentNode
FNDA:0,(anonymous_13)
DA:1,1
DA:2,1
DA:3,1
DA:4,1
DA:5,1
DA:8,2
DA:12,3
DA:16,3
DA:20,2
DA:22,2
DA:26,2
DA:28,1
DA:35,1
DA:36,1
DA:38,1
DA:42,3
DA:43,3
DA:44,3
DA:45,3
DA:47,3
DA:49,3
DA:55,3
DA:61,0
DA:65,0
DA:69,0
DA:70,0
DA:73,1
DA:81,0
DA:82,0
DA:88,0
DA:89,0
DA:91,0
DA:94,1
LF:33
LH:24
BRDA:35,0,0,0
BRDA:35,0,1,1
BRDA:55,1,0,1
BRDA:55,1,1,2
BRDA:70,2,0,0
BRDA:70,2,1,0
BRDA:82,3,0,0
BRDA:82,3,1,0
BRDA:82,3,2,0
BRDA:91,4,0,0
BRDA:91,4,1,0
BRF:11
BRH:3
end_of_record
TN:
SF:modules/commands/convert-to-arrow-function/convert-to-arrow-function.js
FN:11,getNewFunctionString
FNF:1
FNH:1
FNDA:5,getNewFunctionString
DA:1,1
DA:2,1
DA:4,1
DA:12,5
DA:19,1
LF:5
LH:5
BRF:0
BRH:0
end_of_record
TN:
SF:modules/commands/convert-to-function-declaration/convert-to-function-declaration.js
FN:13,findVariableDeclaration
FN:17,isValidVariableDeclaration
FN:26,isSingleLineArrowFunction
FN:31,buildFunctionBody
FN:40,buildFunctionString
FNF:5
FNH:5
FNDA:6,findVariableDeclaration
FNDA:2,isValidVariableDeclaration
FNDA:4,isSingleLineArrowFunction
FNDA:4,buildFunctionBody
FNDA:4,buildFunctionString
DA:1,1
DA:2,1
DA:3,1
DA:4,1
DA:5,1
DA:7,1
DA:14,6
DA:18,2
DA:19,2
DA:20,2
DA:22,2
DA:27,4
DA:32,4
DA:34,4
DA:41,4
DA:42,4
DA:43,4
DA:45,4
DA:56,1
LF:19
LH:19
BRDA:20,0,0,2
BRDA:20,0,1,0
BRDA:22,1,0,2
BRDA:22,1,1,2
BRDA:27,2,0,4
BRDA:27,2,1,2
BRDA:34,3,0,1
BRDA:34,3,1,3
BRF:8
BRH:7
end_of_record
TN:
SF:modules/commands/convert-to-function-expression/convert-to-function-expression.js
FN:13,isSingleLineArrowFunction
FN:18,buildFunctionBody
FN:27,getNewFunctionString
FNF:3
FNH:3
FNDA:5,isSingleLineArrowFunction
FNDA:5,buildFunctionBody
FNDA:5,getNewFunctionString
DA:1,1
DA:2,1
DA:3,1
DA:4,1
DA:6,1
DA:14,5
DA:19,5
DA:21,5
DA:28,5
DA:36,1
LF:10
LH:10
BRDA:14,0,0,5
BRDA:14,0,1,2
BRDA:21,1,0,1
BRDA:21,1,1,4
BRF:4
BRH:4
end_of_record
TN:
SF:modules/commands/convert-to-method/convert-to-method.js
FN:12,findClassPropertyDeclaration
FN:16,isValidVariableDeclaration
FN:25,isSingleLineArrowFunction
FN:30,buildFunctionBody
FN:39,buildFunctionString
FNF:5
FNH:4
FNDA:3,findClassPropertyDeclaration
FNDA:0,isValidVariableDeclaration
FNDA:3,isSingleLineArrowFunction
FNDA:3,buildFunctionBody
FNDA:3,buildFunctionString
DA:1,1
DA:2,1
DA:3,1
DA:4,1
DA:5,1
DA:7,1
DA:13,3
DA:17,0
DA:21,0
DA:26,3
DA:31,3
DA:33,3
DA:40,3
DA:41,3
DA:43,3
DA:44,3
DA:45,3
DA:47,3
DA:58,1
LF:19
LH:17
BRDA:17,0,0,0
BRDA:17,0,1,0
BRDA:21,1,0,0
BRDA:21,1,1,0
BRDA:26,2,0,3
BRDA:26,2,1,1
BRDA:33,3,0,1
BRDA:33,3,1,2
BRF:8
BRH:4
end_of_record
TN:
SF:modules/commands/convert-to-template-literal/convert-to-template-literal.js
FN:6,isStringLiteral
FN:10,isStringExpressionCandidate
FN:14,checkExpressionTree
FN:31,findNearestExpressionToConvert
FN:37,buildTemplateLiteral
FNF:5
FNH:5
FNDA:22,isStringLiteral
FNDA:17,isStringExpressionCandidate
FNDA:7,checkExpressionTree
FNDA:4,findNearestExpressionToConvert
FNDA:5,buildTemplateLiteral
DA:1,1
DA:2,1
DA:3,1
DA:4,1
DA:7,22
DA:11,17
DA:15,7
DA:16,0
DA:19,7
DA:20,7
DA:22,7
DA:23,4
DA:24,3
DA:25,1
DA:27,2
DA:32,4
DA:38,5
DA:39,1
DA:40,4
DA:41,2
DA:43,2
DA:48,1
LF:22
LH:21
BRDA:7,0,0,22
BRDA:7,0,1,7
BRDA:11,1,0,17
BRDA:11,1,1,14
BRDA:15,2,0,0
BRDA:15,2,1,7
BRDA:20,3,0,7
BRDA:20,3,1,7
BRDA:22,4,0,4
BRDA:22,4,1,3
BRDA:24,5,0,1
BRDA:24,5,1,2
BRDA:27,6,0,2
BRDA:27,6,1,2
BRDA:38,7,0,1
BRDA:38,7,1,4
BRDA:40,8,0,2
BRDA:40,8,1,2
BRF:18
BRH:17
end_of_record
TN:
SF:modules/commands/extract-method/extract-method.js
FN:28,parseSelectedText
FN:38,isBodyReturnable
FN:47,isFinalLineADeclaration
FN:61,getAssignedValue
FN:68,getMethodBodyRemainder
FN:84,insertReturnStatement
FN:105,getFunctionType
FN:111,buildMethodText
FN:130,isObjectMethodCall
FN:136,attachAssignment
FN:146,buildMethodCallText
FNF:11
FNH:11
FNDA:3,parseSelectedText
FNDA:6,isBodyReturnable
FNDA:10,isFinalLineADeclaration
FNDA:2,getAssignedValue
FNDA:2,getMethodBodyRemainder
FNDA:6,insertReturnStatement
FNDA:6,getFunctionType
FNDA:6,buildMethodText
FNDA:4,isObjectMethodCall
FNDA:4,attachAssignment
FNDA:4,buildMethodCallText
DA:1,1
DA:2,1
DA:3,1
DA:5,1
DA:7,1
DA:8,1
DA:9,1
DA:10,1
DA:11,1
DA:12,1
DA:14,1
DA:23,1
DA:29,3
DA:31,3
DA:32,3
DA:34,1
DA:39,6
DA:40,6
DA:42,6
DA:48,10
DA:49,10
DA:50,10
DA:55,10
DA:62,2
DA:63,2
DA:65,2
DA:69,2
DA:70,1
DA:73,1
DA:74,1
DA:76,1
DA:81,1
DA:85,6
DA:87,6
DA:88,0
DA:89,6
DA:90,2
DA:91,2
DA:93,2
DA:95,4
DA:99,1
DA:106,6
DA:117,6
DA:118,6
DA:119,6
DA:121,6
DA:131,4
DA:137,4
DA:138,1
DA:139,1
DA:140,1
DA:143,3
DA:152,4
DA:153,4
DA:155,4
DA:156,4
DA:158,4
DA:161,1
LF:58
LH:57
BRDA:42,0,0,6
BRDA:42,0,1,2
BRDA:42,0,2,1
BRDA:50,1,0,3
BRDA:50,1,1,7
BRDA:55,2,0,10
BRDA:55,2,1,3
BRDA:55,2,2,3
BRDA:55,2,3,3
BRDA:69,3,0,1
BRDA:69,3,1,1
BRDA:87,4,0,0
BRDA:87,4,1,6
BRDA:89,5,0,2
BRDA:89,5,1,4
BRDA:106,6,0,5
BRDA:106,6,1,1
BRDA:131,7,0,4
BRDA:131,7,1,3
BRDA:137,8,0,1
BRDA:137,8,1,3
BRDA:149,9,0,3
BRDA:150,10,0,3
BRDA:153,11,0,3
BRDA:153,11,1,1
BRF:25
BRH:24
end_of_record
TN:
SF:modules/commands/extract-method/parameter-search.js
FN:26,isVariableBeingDeclared
FN:37,isVariableBeingUsed
FN:47,isNodeAScope
FN:53,insertUsedVariables
FN:55,(anonymous_4)
FN:59,diffVariableSets
FN:61,(anonymous_6)
FN:66,getLocallyScopedDeclarations
FN:68,(anonymous_8)
FN:69,(anonymous_9)
FN:74,(anonymous_10)
FN:76,(anonymous_11)
FN:96,getSubordinateScopeParameters
FN:101,(anonymous_13)
FN:127,findAppropriateParameters
FN:135,(anonymous_15)
FNF:16
FNH:14
FNDA:42,isVariableBeingDeclared
FNDA:35,isVariableBeingUsed
FNDA:42,isNodeAScope
FNDA:3,insertUsedVariables
FNDA:3,(anonymous_4)
FNDA:4,diffVariableSets
FNDA:10,(anonymous_6)
FNDA:1,getLocallyScopedDeclarations
FNDA:3,(anonymous_8)
FNDA:3,(anonymous_9)
FNDA:2,(anonymous_10)
FNDA:9,(anonymous_11)
FNDA:4,getSubordinateScopeParameters
FNDA:39,(anonymous_13)
FNDA:0,findAppropriateParameters
FNDA:0,(anonymous_15)
DA:1,1
DA:3,1
DA:4,1
DA:6,1
DA:10,1
DA:12,1
DA:19,1
DA:27,42
DA:29,42
DA:38,35
DA:39,35
DA:41,35
DA:42,35
DA:44,35
DA:48,42
DA:50,42
DA:54,3
DA:56,3
DA:60,4
DA:62,10
DA:67,1
DA:68,3
DA:70,3
DA:72,1
DA:74,1
DA:75,2
DA:77,9
DA:78,2
DA:81,7
DA:82,7
DA:84,7
DA:85,2
DA:86,5
DA:87,1
DA:93,1
DA:97,4
DA:98,4
DA:100,4
DA:102,39
DA:103,4
DA:106,35
DA:107,35
DA:108,35
DA:110,35
DA:111,3
DA:113,3
DA:115,3
DA:116,32
DA:117,7
DA:118,25
DA:119,7
DA:124,4
DA:132,0
DA:133,0
DA:135,0
DA:138,1
LF:56
LH:53
BRDA:29,0,0,42
BRDA:29,0,1,17
BRDA:29,0,2,10
BRDA:29,0,3,3
BRDA:44,1,0,35
BRDA:44,1,1,16
BRDA:77,2,0,2
BRDA:77,2,1,7
BRDA:84,3,0,2
BRDA:84,3,1,5
BRDA:86,4,0,1
BRDA:86,4,1,4
BRDA:102,5,0,4
BRDA:102,5,1,35
BRDA:110,6,0,3
BRDA:110,6,1,32
BRDA:116,7,0,7
BRDA:116,7,1,25
BRDA:118,8,0,7
BRDA:118,8,1,18
BRF:20
BRH:20
end_of_record
TN:
SF:modules/commands/extract-to-parameter/extract-to-parameter.js
FN:19,findVariableDeclarator
FN:23,findVariableDeclaration
FN:27,getVariableName
FN:31,findFunction
FN:32,(anonymous_4)
FN:36,getFunctionName
FN:52,getBodyLocation
FN:62,getBodyNodeFromFunctionNode
FN:68,getFunctionBody
FN:75,(anonymous_9)
FN:79,getFunctionString
FNF:11
FNH:11
FNDA:3,findVariableDeclarator
FNDA:3,findVariableDeclaration
FNDA:3,getVariableName
FNDA:3,findFunction
FNDA:19,(anonymous_4)
FNDA:3,getFunctionName
FNDA:3,getBodyLocation
FNDA:3,getBodyNodeFromFunctionNode
FNDA:3,getFunctionBody
FNDA:6,(anonymous_9)
FNDA:3,getFunctionString
DA:1,1
DA:2,1
DA:3,1
DA:4,1
DA:5,1
DA:7,1
DA:8,1
DA:9,1
DA:11,1
DA:20,3
DA:24,3
DA:28,3
DA:32,3
DA:33,19
DA:37,3
DA:38,3
DA:40,3
DA:41,0
DA:43,0
DA:45,0
DA:48,0
DA:53,3
DA:54,3
DA:56,3
DA:63,3
DA:69,3
DA:70,3
DA:72,3
DA:74,3
DA:75,6
DA:80,3
DA:81,3
DA:82,3
DA:84,3
DA:85,3
DA:87,3
DA:89,3
DA:97,1
LF:38
LH:34
BRDA:38,0,0,3
BRDA:38,0,1,0
BRDA:38,1,0,3
BRDA:38,1,1,3
BRDA:41,2,0,0
BRDA:41,2,1,0
BRDA:41,3,0,0
BRDA:41,3,1,0
BRDA:63,4,0,0
BRDA:63,4,1,3
BRDA:85,5,0,2
BRDA:85,5,1,1
BRF:12
BRH:6
end_of_record
TN:
SF:modules/commands/extract-variable/extract-variable.js
FN:29,(anonymous_0)
FN:31,buildVariableDeclaration
FNF:2
FNH:2
FNDA:5,(anonymous_0)
FNDA:2,buildVariableDeclaration
DA:1,1
DA:2,1
DA:7,1
DA:9,1
DA:10,1
DA:12,1
DA:25,1
DA:27,1
DA:29,5
DA:35,2
DA:42,1
LF:11
LH:11
BRF:0
BRH:0
end_of_record
TN:
SF:modules/commands/extract-variable/variableExtractionScopeService.js
FN:5,(anonymous_0)
FN:6,(anonymous_1)
FN:7,(anonymous_2)
FN:8,(anonymous_3)
FN:9,(anonymous_4)
FN:10,(anonymous_5)
FN:11,(anonymous_6)
FN:12,(anonymous_7)
FN:13,(anonymous_8)
FN:14,(anonymous_9)
FN:15,(anonymous_10)
FN:19,getScopeMessage
FN:33,buildExtractionScopeList
FN:34,(anonymous_13)
FN:41,getUserSelectionIndex
FN:47,selectExtractionScopes
FNF:16
FNH:9
FNDA:0,(anonymous_0)
FNDA:4,(anonymous_1)
FNDA:4,(anonymous_2)
FNDA:0,(anonymous_3)
FNDA:4,(anonymous_4)
FNDA:0,(anonymous_5)
FNDA:0,(anonymous_6)
FNDA:0,(anonymous_7)
FNDA:0,(anonymous_8)
FNDA:4,(anonymous_9)
FNDA:0,(anonymous_10)
FNDA:20,getScopeMessage
FNDA:4,buildExtractionScopeList
FNDA:20,(anonymous_13)
FNDA:3,getUserSelectionIndex
FNDA:3,selectExtractionScopes
DA:1,1
DA:2,1
DA:4,1
DA:5,0
DA:6,4
DA:7,4
DA:8,0
DA:9,4
DA:10,0
DA:11,0
DA:12,0
DA:13,0
DA:14,4
DA:15,0
DA:20,20
DA:21,20
DA:22,4
DA:23,16
DA:24,4
DA:26,12
DA:29,0
DA:34,4
DA:35,20
DA:37,20
DA:42,3
DA:44,3
DA:48,3
DA:50,3
DA:55,1
LF:29
LH:21
BRDA:21,0,0,4
BRDA:21,0,1,16
BRDA:23,1,0,4
BRDA:23,1,1,12
BRF:4
BRH:4
end_of_record
TN:
SF:modules/commands/inline-variable/inline-variable.js
FNF:0
FNH:0
DA:7,1
DA:9,1
DA:11,1
LF:3
LH:3
BRF:0
BRH:0
end_of_record
TN:
SF:modules/commands/introduce-function/introduce-function.js
FN:5,getCallExpressionNode
FN:9,getIdentifierNode
FN:13,getNameOrCall
FN:19,getNodeName
FN:25,buildParameterString
FN:35,getParameterString
FNF:6
FNH:3
FNDA:2,getCallExpressionNode
FNDA:1,getIdentifierNode
FNDA:2,getNameOrCall
FNDA:0,getNodeName
FNDA:0,buildParameterString
FNDA:0,getParameterString
DA:1,1
DA:2,1
DA:3,1
DA:6,2
DA:10,1
DA:14,2
DA:16,2
DA:20,0
DA:26,0
DA:28,0
DA:29,0
DA:32,0
DA:36,0
DA:41,1
LF:14
LH:8
BRDA:16,0,0,1
BRDA:16,0,1,1
BRDA:20,1,0,0
BRDA:20,1,1,0
BRDA:36,2,0,0
BRDA:36,2,1,0
BRF:6
BRH:2
end_of_record
TN:
SF:modules/commands/invert-if/invert-if.js
FN:4,buildIfStatement
FNF:1
FNH:1
FNDA:1,buildIfStatement
DA:1,1
DA:2,1
DA:5,1
DA:12,1
LF:4
LH:4
BRF:0
BRH:0
end_of_record
TN:
SF:modules/commands/lift-and-name-function-expression/lift-and-name-function-expression.js
FN:17,(anonymous_0)
FN:21,getNewFunctionType
FN:27,buildFunctionString
FN:44,buildArrowFunctionDelcarationString
FN:52,getNewFunctionString
FNF:5
FNH:5
FNDA:4,(anonymous_0)
FNDA:3,getNewFunctionType
FNDA:3,buildFunctionString
FNDA:1,buildArrowFunctionDelcarationString
FNDA:3,getNewFunctionString
DA:1,1
DA:2,1
DA:3,1
DA:4,1
DA:5,1
DA:6,1
DA:8,1
DA:17,1
DA:18,4
DA:22,3
DA:28,3
DA:29,3
DA:30,3
DA:31,3
DA:33,3
DA:45,1
DA:53,3
DA:55,3
DA:56,1
DA:59,2
DA:62,1
LF:21
LH:21
BRDA:22,0,0,2
BRDA:22,0,1,1
BRDA:55,1,0,1
BRDA:55,1,1,2
BRF:4
BRH:4
end_of_record
TN:
SF:modules/commands/move-function-into-class/move-function-into-class.js
FN:5,isSingleDeclaration
FN:9,findFunctionDeclarator
FN:11,(anonymous_2)
FN:14,findFunctionVariableDeclaration
FN:27,isNodeAFunctionDeclaration
FN:31,getFunctionDeclaration
FN:41,getFunctionName
FN:51,getFunctionNode
FN:61,getMethodWriteLocation
FNF:9
FNH:9
FNDA:6,isSingleDeclaration
FNDA:6,findFunctionDeclarator
FNDA:9,(anonymous_2)
FNDA:7,findFunctionVariableDeclaration
FNDA:10,isNodeAFunctionDeclaration
FNDA:11,getFunctionDeclaration
FNDA:3,getFunctionName
FNDA:3,getFunctionNode
FNDA:2,getMethodWriteLocation
DA:1,1
DA:2,1
DA:3,1
DA:6,6
DA:10,6
DA:11,9
DA:15,7
DA:16,7
DA:18,7
DA:19,1
DA:20,6
DA:21,3
DA:23,3
DA:28,10
DA:32,11
DA:33,1
DA:34,10
DA:35,3
DA:37,7
DA:42,3
DA:43,1
DA:44,2
DA:45,1
DA:47,1
DA:52,3
DA:53,1
DA:54,2
DA:55,1
DA:57,1
DA:62,2
DA:63,1
DA:65,1
DA:70,1
DA:77,1
LF:34
LH:34
BRDA:16,0,0,1
BRDA:16,0,1,6
BRDA:18,1,0,1
BRDA:18,1,1,6
BRDA:20,2,0,3
BRDA:20,2,1,3
BRDA:32,3,0,1
BRDA:32,3,1,10
BRDA:34,4,0,3
BRDA:34,4,1,7
BRDA:42,5,0,1
BRDA:42,5,1,2
BRDA:44,6,0,1
BRDA:44,6,1,1
BRDA:52,7,0,1
BRDA:52,7,1,2
BRDA:54,8,0,1
BRDA:54,8,1,1
BRDA:62,9,0,1
BRDA:62,9,1,1
BRF:20
BRH:20
end_of_record
TN:
SF:modules/commands/rename/rename-method-replacement-locations.js
FN:6,getVariableName
FN:12,doNotDescend
FN:20,isBoundFunction
FN:29,selectReplacementLocations
FN:34,(anonymous_4)
FNF:5
FNH:5
FNDA:4,getVariableName
FNDA:122,doNotDescend
FNDA:124,isBoundFunction
FNDA:4,selectReplacementLocations
FNDA:124,(anonymous_4)
DA:1,1
DA:2,1
DA:3,1
DA:4,1
DA:7,4
DA:13,122
DA:15,122
DA:21,124
DA:30,4
DA:31,4
DA:33,4
DA:35,124
DA:36,2
DA:37,2
DA:39,2
DA:41,2
DA:44,122
DA:45,6
DA:48,116
DA:52,10
DA:57,4
DA:60,1
LF:22
LH:22
BRDA:7,0,0,0
BRDA:7,0,1,4
BRDA:15,1,0,122
BRDA:15,1,1,12
BRDA:15,1,2,10
BRDA:21,2,0,124
BRDA:21,2,1,8
BRDA:21,2,2,8
BRDA:21,2,3,2
BRDA:21,2,4,2
BRDA:21,2,5,2
BRDA:35,3,0,2
BRDA:35,3,1,122
BRDA:44,4,0,6
BRDA:44,4,1,116
BRDA:44,5,0,122
BRDA:44,5,1,8
BRDA:48,6,0,10
BRDA:48,6,1,106
BRDA:48,7,0,116
BRDA:48,7,1,31
BRDA:48,7,2,14
BRDA:48,7,3,10
BRF:23
BRH:22
end_of_record
TN:
SF:modules/commands/rename/rename.js
FN:13,getSelectionPathSegment
FN:29,getSurroundingScope
FN:32,(anonymous_2)
FN:48,(anonymous_3)
FN:80,isRenameable
FN:104,isParameterNode
FN:108,pickDeclaratorNode
FN:119,findSymbolToRename
FN:130,isNodeAVariableOrFunctionDeclaration
FN:134,selectReplacementLocations
FN:142,getVariableDeclaratorLocation
FNF:11
FNH:9
FNDA:2,getSelectionPathSegment
FNDA:2,getSurroundingScope
FNDA:9,(anonymous_2)
FNDA:0,(anonymous_3)
FNDA:10,isRenameable
FNDA:9,isParameterNode
FNDA:10,pickDeclaratorNode
FNDA:10,findSymbolToRename
FNDA:2,isNodeAVariableOrFunctionDeclaration
FNDA:2,selectReplacementLocations
FNDA:0,getVariableDeclaratorLocation
DA:1,1
DA:2,1
DA:3,1
DA:7,1
DA:11,1
DA:14,2
DA:16,2
DA:17,11
DA:19,11
DA:21,11
DA:22,2
DA:26,2
DA:31,2
DA:32,9
DA:34,2
DA:35,2
DA:37,2
DA:38,2
DA:40,2
DA:42,2
DA:44,2
DA:48,0
DA:49,0
DA:51,0
DA:56,0
DA:58,0
DA:63,2
DA:68,1
DA:74,1
DA:81,10
DA:83,10
DA:84,10
DA:85,10
DA:87,10
DA:88,10
DA:89,10
DA:91,10
DA:105,9
DA:109,10
DA:111,10
DA:113,4
DA:115,6
DA:120,10
DA:121,10
DA:123,10
DA:124,10
DA:127,0
DA:131,2
DA:135,2
DA:137,2
DA:143,0
DA:144,0
DA:145,0
DA:146,0
DA:147,0
DA:148,0
DA:149,0
DA:150,0
DA:151,0
DA:152,0
DA:155,0
DA:158,1
LF:62
LH:45
BRDA:21,0,0,2
BRDA:21,0,1,9
BRDA:29,1,0,2
BRDA:42,2,0,2
BRDA:42,2,1,0
BRDA:44,3,0,0
BRDA:44,3,1,2
BRDA:45,4,0,2
BRDA:45,4,1,1
BRDA:51,5,0,0
BRDA:51,5,1,0
BRDA:51,5,2,0
BRDA:58,6,0,0
BRDA:58,6,1,0
BRDA:63,7,0,0
BRDA:63,7,1,2
BRDA:85,8,0,10
BRDA:85,8,1,1
BRDA:91,9,0,10
BRDA:91,9,1,10
BRDA:91,9,2,5
BRDA:91,9,3,4
BRDA:91,9,4,3
BRDA:91,9,5,2
BRDA:91,9,6,1
BRDA:91,9,7,1
BRDA:105,10,0,9
BRDA:105,10,1,3
BRDA:111,11,0,4
BRDA:111,11,1,6
BRDA:111,12,0,10
BRDA:111,12,1,9
BRDA:123,13,0,10
BRDA:123,13,1,0
BRDA:131,14,0,2
BRDA:131,14,1,1
BRDA:137,15,0,0
BRDA:137,15,1,2
BRDA:143,16,0,0
BRDA:143,16,1,0
BRDA:145,17,0,0
BRDA:145,17,1,0
BRDA:147,18,0,0
BRDA:147,18,1,0
BRDA:149,19,0,0
BRDA:149,19,1,0
BRDA:151,20,0,0
BRDA:151,20,1,0
BRF:48
BRH:28
end_of_record
TN:
SF:modules/commands/surround-with/surround-with.js
FN:3,getTemplateList
FN:6,(anonymous_1)
FN:13,getLanguageSnippetName
FN:23,getSnippetText
FNF:4
FNH:4
FNDA:1,getTemplateList
FNDA:10,(anonymous_1)
FNDA:6,getLanguageSnippetName
FNDA:1,getSnippetText
DA:1,1
DA:4,1
DA:6,10
DA:8,1
DA:10,1
DA:14,6
DA:16,6
DA:17,3
DA:19,3
DA:24,1
DA:27,1
LF:11
LH:11
BRDA:16,0,0,3
BRDA:16,0,1,3
BRF:2
BRH:2
end_of_record
TN:
SF:modules/commands/toggle-arguments-type/toggle-arguments-type.js
FN:4,buildArgumentTabStop
FN:9,buildArgumentObjectSnippet
FN:11,(anonymous_2)
FN:17,buildPositionalArgumentString
FN:19,(anonymous_4)
FN:25,getArgumentListLocation
FNF:6
FNH:6
FNDA:4,buildArgumentTabStop
FNDA:1,buildArgumentObjectSnippet
FNDA:4,(anonymous_2)
FNDA:1,buildPositionalArgumentString
FNDA:4,(anonymous_4)
FNDA:1,getArgumentListLocation
DA:1,1
DA:2,1
DA:5,4
DA:6,4
DA:10,1
DA:12,4
DA:14,1
DA:18,1
DA:20,4
DA:22,1
DA:26,1
DA:27,1
DA:29,1
DA:35,1
LF:14
LH:14
BRF:0
BRH:0
end_of_record
TN:
SF:modules/commands/toggle-parameters-type/toggle-parameters-type.js
FN:5,buildParameterTabStop
FN:10,buildParameterObjectSnippet
FN:14,(anonymous_2)
FN:33,buildPositionalParameterString
FN:35,(anonymous_4)
FN:46,getParameterListLocation
FNF:6
FNH:5
FNDA:2,buildParameterTabStop
FNDA:1,buildParameterObjectSnippet
FNDA:4,(anonymous_2)
FNDA:1,buildPositionalParameterString
FNDA:4,(anonymous_4)
FNDA:0,getParameterListLocation
DA:1,1
DA:2,1
DA:3,1
DA:6,2
DA:7,2
DA:11,1
DA:12,1
DA:14,1
DA:15,4
DA:17,4
DA:18,1
DA:20,1
DA:21,3
DA:22,2
DA:24,2
DA:26,1
DA:30,1
DA:34,1
DA:36,4
DA:37,3
DA:39,1
DA:43,1
DA:47,0
DA:48,0
DA:50,0
DA:56,1
LF:26
LH:23
BRDA:17,0,0,1
BRDA:17,0,1,3
BRDA:21,1,0,2
BRDA:21,1,1,1
BRDA:36,2,0,3
BRDA:36,2,1,1
BRF:6
BRH:6
end_of_record
TN:
SF:modules/commands/toggle-property-declaration/toggle-property-declaration.js
FN:4,getPropertyKey
FN:10,buildStandardDeclaration
FN:16,getValueIdentifierName
FN:20,getPropertyDeclarationString
FN:26,isConvertablePropertyNode
FNF:5
FNH:5
FNDA:1,getPropertyKey
FNDA:1,buildStandardDeclaration
FNDA:1,getValueIdentifierName
FNDA:2,getPropertyDeclarationString
FNDA:3,isConvertablePropertyNode
DA:1,1
DA:2,1
DA:5,1
DA:11,1
DA:13,1
DA:17,1
DA:21,2
DA:27,3
DA:30,1
LF:9
LH:9
BRDA:5,0,0,1
BRDA:5,0,1,0
BRDA:21,1,0,1
BRDA:21,1,1,1
BRDA:27,2,0,3
BRDA:27,2,1,2
BRF:6
BRH:5
end_of_record
TN:
SF:modules/constants/ast-node-types.js
FNF:0
FNH:0
DA:1,1
LF:1
LH:1
BRF:0
BRH:0
end_of_record
TN:
SF:modules/constants/language-values.js
FN:4,(anonymous_0)
FNF:1
FNH:1
FNDA:11,(anonymous_0)
DA:1,1
DA:3,1
DA:5,11
DA:7,11
LF:4
LH:4
BRDA:7,0,0,11
BRDA:7,0,1,0
BRF:2
BRH:1
end_of_record
TN:
SF:modules/edit-utils/code-range-transforms.js
FN:1,transformSelectionToLocation
FN:14,transformLocationToSelection
FNF:2
FNH:2
FNDA:2,transformSelectionToLocation
FNDA:1,transformLocationToSelection
DA:2,2
DA:15,1
DA:27,1
LF:3
LH:3
BRF:0
BRH:0
end_of_record
TN:
SF:modules/edit-utils/location-service.js
FN:1,arePositionsReversed
FN:6,buildLocation
FN:15,partitionOnLocation
FN:22,splitOnAllLocations
FN:31,(anonymous_4)
FN:39,compareLocations
FNF:6
FNH:3
FNDA:6,arePositionsReversed
FNDA:6,buildLocation
FNDA:3,partitionOnLocation
FNDA:0,splitOnAllLocations
FNDA:0,(anonymous_4)
FNDA:0,compareLocations
DA:2,6
DA:7,6
DA:9,6
DA:16,3
DA:23,0
DA:27,0
DA:31,0
DA:32,0
DA:33,0
DA:35,0
DA:40,0
DA:41,0
DA:43,0
DA:47,0
DA:50,0
DA:51,0
DA:52,0
DA:53,0
DA:55,0
DA:59,1
LF:20
LH:5
BRDA:2,0,0,6
BRDA:2,0,1,5
BRDA:2,0,2,4
BRDA:10,1,0,3
BRDA:10,1,1,3
BRDA:11,2,0,3
BRDA:11,2,1,3
BRDA:27,3,0,0
BRDA:27,3,1,0
BRDA:43,4,0,0
BRDA:43,4,1,0
BRDA:43,4,2,0
BRDA:47,5,0,0
BRDA:47,5,1,0
BRDA:50,6,0,0
BRDA:50,6,1,0
BRDA:52,7,0,0
BRDA:52,7,1,0
BRF:18
BRH:7
end_of_record
TN:
SF:modules/edit-utils/node-path-utils.js
FN:4,getSurroundingScope
FN:6,(anonymous_1)
FN:11,findNodeByCheckFunction
FN:28,findNodeInPath
FN:29,(anonymous_4)
FN:32,findAncestorNodeInPath
FNF:6
FNH:3
FNDA:0,getSurroundingScope
FNDA:0,(anonymous_1)
FNDA:86,findNodeByCheckFunction
FNDA:73,findNodeInPath
FNDA:314,(anonymous_4)
FNDA:0,findAncestorNodeInPath
DA:1,1
DA:2,1
DA:5,0
DA:7,0
DA:12,86
DA:13,86
DA:15,86
DA:16,293
DA:18,293
DA:19,89
DA:20,204
DA:21,83
DA:25,86
DA:29,314
DA:33,0
DA:35,0
DA:37,0
DA:40,1
LF:18
LH:13
BRDA:7,0,0,0
BRDA:7,0,1,0
BRDA:18,1,0,89
BRDA:18,1,1,204
BRDA:20,2,0,83
BRDA:20,2,1,121
BRDA:20,3,0,204
BRDA:20,3,1,83
BRF:8
BRH:6
end_of_record
TN:
SF:modules/extraction-utils/ExtractionPathBuilder.js
FN:10,(anonymous_0)
FN:14,(anonymous_1)
FN:18,(anonymous_2)
FN:26,(anonymous_3)
FN:30,(anonymous_4)
FN:34,(anonymous_5)
FN:40,(anonymous_6)
FN:49,(anonymous_7)
FN:53,(anonymous_8)
FN:57,(anonymous_9)
FN:61,(anonymous_10)
FN:66,(anonymous_11)
FN:67,(anonymous_12)
FN:92,buildExtractionPath
FN:100,(anonymous_14)
FNF:15
FNH:15
FNDA:6,(anonymous_0)
FNDA:6,(anonymous_1)
FNDA:77,(anonymous_2)
FNDA:28,(anonymous_3)
FNDA:28,(anonymous_4)
FNDA:32,(anonymous_5)
FNDA:6,(anonymous_6)
FNDA:77,(anonymous_7)
FNDA:71,(anonymous_8)
FNDA:28,(anonymous_9)
FNDA:71,(anonymous_10)
FNDA:6,(anonymous_11)
FNDA:103,(anonymous_12)
FNDA:6,buildExtractionPath
FNDA:28,(anonymous_14)
DA:1,1
DA:2,1
DA:7,1
DA:11,6
DA:15,6
DA:19,77
DA:20,28
DA:27,28
DA:31,28
DA:35,32
DA:41,6
DA:43,6
DA:44,6
DA:46,6
DA:50,77
DA:54,71
DA:58,28
DA:62,71
DA:63,71
DA:67,6
DA:68,103
DA:69,103
DA:70,103
DA:72,103
DA:73,71
DA:76,103
DA:80,6
DA:81,97
DA:82,22
DA:83,75
DA:84,32
DA:88,6
DA:97,6
DA:101,28
DA:104,1
LF:35
LH:35
BRDA:19,0,0,28
BRDA:19,0,1,49
BRDA:66,1,0,0
BRDA:72,2,0,71
BRDA:72,2,1,32
BRDA:76,3,0,6
BRDA:76,3,1,97
BRDA:77,4,0,103
BRDA:77,4,1,97
BRDA:81,5,0,22
BRDA:81,5,1,75
BRDA:83,6,0,32
BRDA:83,6,1,43
BRDA:83,7,0,75
BRDA:83,7,1,43
BRDA:95,8,0,6
BRF:16
BRH:15
end_of_record
TN:
SF:modules/extraction-utils/extraction-location-service.js
FN:3,selectExtractionLocation
FN:17,retrieveExtractionLocation
FN:21,buildCopyLocation
FN:28,buildInsertionLocation
FNF:4
FNH:1
FNDA:1,selectExtractionLocation
FNDA:0,retrieveExtractionLocation
FNDA:0,buildCopyLocation
FNDA:0,buildInsertionLocation
DA:1,1
DA:4,1
DA:6,1
DA:7,17
DA:8,1
DA:9,1
DA:13,1
DA:18,0
DA:22,0
DA:29,0
DA:35,1
LF:11
LH:8
BRDA:7,0,0,1
BRDA:7,0,1,16
BRF:2
BRH:2
end_of_record
TN:
SF:modules/extraction-utils/variable-deletion-utils.js
FN:5,getSourceLines
FN:15,normalizeSelection
FN:19,getNormalizedSourceSelection
FN:25,getNormalizedSourceLines
FN:31,buildDeletionLocation
FN:60,chooseDeclarationNode
FN:65,pickVariableDeletionLocation
FNF:7
FNH:7
FNDA:7,getSourceLines
FNDA:14,normalizeSelection
FNDA:7,getNormalizedSourceSelection
FNDA:7,getNormalizedSourceLines
FNDA:7,buildDeletionLocation
FNDA:7,chooseDeclarationNode
FNDA:7,pickVariableDeletionLocation
DA:1,1
DA:2,1
DA:3,1
DA:6,7
DA:7,7
DA:9,7
DA:16,14
DA:20,7
DA:22,7
DA:26,7
DA:28,7
DA:39,7
DA:41,7
DA:42,7
DA:43,7
DA:45,7
DA:46,1
DA:47,6
DA:48,2
DA:53,4
DA:61,7
DA:62,7
DA:66,7
DA:67,7
DA:69,7
DA:70,7
DA:72,7
DA:79,1
LF:28
LH:28
BRDA:43,0,0,7
BRDA:43,0,1,3
BRDA:45,1,0,1
BRDA:45,1,1,6
BRDA:47,2,0,2
BRDA:47,2,1,4
BRDA:62,3,0,2
BRDA:62,3,1,5
BRF:8
BRH:8
end_of_record
TN:
SF:modules/function-utils/function-location.js
FN:3,buildBodyCoordinates
FN:19,getBodyCoordinates
FNF:2
FNH:2
FNDA:1,buildBodyCoordinates
FNDA:2,getBodyCoordinates
DA:1,1
DA:4,1
DA:5,1
DA:7,1
DA:20,2
DA:21,1
DA:23,1
DA:36,1
LF:8
LH:8
BRDA:20,0,0,1
BRDA:20,0,1,1
BRF:2
BRH:2
end_of_record
TN:
SF:modules/function-utils/function-node.js
FN:4,findFunctionNode
FN:5,(anonymous_1)
FNF:2
FNH:2
FNDA:6,findFunctionNode
FNDA:26,(anonymous_1)
DA:1,1
DA:2,1
DA:5,6
DA:6,26
DA:9,1
LF:5
LH:5
BRF:0
BRH:0
end_of_record
TN:
SF:modules/function-utils/function-source.js
FN:7,getParametersLocation
FN:17,getFunctionParametersString
FN:32,getBodyNodeFromFunctionNode
FN:38,buildLocationFromBodyNodes
FN:48,getBodyLocationFromEmptyBody
FN:61,getBodyLocation
FN:74,getFunctionBody
FN:81,getFunctionName
FNF:8
FNH:7
FNDA:5,getParametersLocation
FNDA:27,getFunctionParametersString
FNDA:25,getBodyNodeFromFunctionNode
FNDA:21,buildLocationFromBodyNodes
FNDA:0,getBodyLocationFromEmptyBody
FNDA:25,getBodyLocation
FNDA:25,getFunctionBody
FNDA:14,getFunctionName
DA:1,1
DA:2,1
DA:3,1
DA:4,1
DA:8,5
DA:9,5
DA:11,5
DA:18,27
DA:19,27
DA:23,27
DA:24,5
DA:26,5
DA:28,22
DA:33,25
DA:39,21
DA:40,21
DA:42,21
DA:49,0
DA:62,25
DA:63,25
DA:65,25
DA:66,21
DA:67,4
DA:68,0
DA:70,4
DA:75,25
DA:76,25
DA:78,25
DA:82,14
DA:83,4
DA:84,10
DA:85,5
DA:87,5
DA:91,1
LF:34
LH:32
BRDA:19,0,0,5
BRDA:19,0,1,22
BRDA:23,1,0,5
BRDA:23,1,1,22
BRDA:33,2,0,5
BRDA:33,2,1,20
BRDA:63,3,0,25
BRDA:63,3,1,21
BRDA:65,4,0,21
BRDA:65,4,1,4
BRDA:67,5,0,0
BRDA:67,5,1,4
BRDA:82,6,0,4
BRDA:82,6,1,10
BRDA:84,7,0,5
BRDA:84,7,1,5
BRF:16
BRH:15
end_of_record
TN:
SF:modules/parser/ParseMode.js
FN:2,(anonymous_0)
FN:8,buildParseMode
FNF:2
FNH:2
FNDA:1,(anonymous_0)
FNDA:1,buildParseMode
DA:3,1
DA:4,1
DA:9,1
DA:12,1
LF:4
LH:4
BRF:0
BRH:0
end_of_record
TN:
SF:modules/parser/ScriptState.js
FN:2,(anonymous_0)
FN:7,(anonymous_1)
FN:13,(anonymous_2)
FN:17,(anonymous_3)
FN:21,(anonymous_4)
FN:26,buildNewScriptState
FNF:6
FNH:6
FNDA:1,(anonymous_0)
FNDA:22,(anonymous_1)
FNDA:22,(anonymous_2)
FNDA:22,(anonymous_3)
FNDA:22,(anonymous_4)
FNDA:1,buildNewScriptState
DA:3,1
DA:4,1
DA:8,22
DA:10,22
DA:14,22
DA:18,22
DA:22,22
DA:27,1
DA:30,1
LF:9
LH:9
BRF:0
BRH:0
end_of_record
TN:
SF:modules/parser/html-stripper.js
FN:4,isScriptStartLine
FN:8,isScriptEndLine
FN:12,getNewScriptStateBuilder
FN:13,(anonymous_3)
FN:24,isHtml
FN:28,stripHtml
FN:33,(anonymous_6)
FNF:7
FNH:7
FNDA:22,isScriptStartLine
FNDA:20,isScriptEndLine
FNDA:22,getNewScriptStateBuilder
FNDA:22,(anonymous_3)
FNDA:140,isHtml
FNDA:1,stripHtml
FNDA:22,(anonymous_6)
DA:1,1
DA:2,1
DA:5,22
DA:9,20
DA:13,22
DA:14,22
DA:15,2
DA:16,20
DA:17,2
DA:20,18
DA:25,140
DA:29,1
DA:31,1
DA:34,22
DA:35,22
DA:37,22
DA:38,22
DA:40,22
DA:48,1
LF:19
LH:19
BRDA:14,0,0,2
BRDA:14,0,1,20
BRDA:16,1,0,2
BRDA:16,1,1,18
BRDA:40,2,0,6
BRDA:40,2,1,16
BRDA:40,3,0,22
BRDA:40,3,1,8
BRF:8
BRH:8
end_of_record
TN:
SF:modules/parser/parse-modes.js
FNF:0
FNH:0
DA:1,1
DA:3,1
DA:7,1
LF:3
LH:3
BRF:0
BRH:0
end_of_record
TN:
SF:modules/parser/parser.js
FN:5,applyParseModeTransformations
FN:7,(anonymous_1)
FN:9,(anonymous_2)
FN:14,tryParseStandard
FN:20,tryParseJsx
FN:28,parseText
FN:42,parse
FNF:7
FNH:7
FNDA:140,applyParseModeTransformations
FNDA:140,(anonymous_1)
FNDA:1,(anonymous_2)
FNDA:140,tryParseStandard
FNDA:1,tryParseJsx
FNDA:141,parseText
FNDA:140,parse
DA:1,1
DA:3,1
DA:6,140
DA:7,140
DA:9,1
DA:15,140
DA:21,1
DA:29,141
DA:30,141
DA:34,2
DA:35,1
DA:37,1
DA:43,140
DA:44,140
DA:47,1
LF:15
LH:15
BRDA:30,0,0,1
BRDA:30,0,1,140
BRDA:34,1,0,1
BRDA:34,1,1,1
BRF:4
BRH:4
end_of_record
TN:
SF:modules/variable-utils/variable-use-utils.js
FN:21,getSurroundingScope
FN:23,(anonymous_1)
FN:28,getVariableDeclaractor
FN:32,getVariableDeclaration
FN:36,getDeclarationBody
FN:42,isAnArrowFunctionParameter
FN:47,isDeclaredVariableInDeclaration
FN:52,isAVariableDeclaration
FN:66,isMemberExpression
FN:70,isAcceptableIdentifier
FN:79,isAMatchingIdentifier
FN:92,isDescendableNode
FN:96,shallowCloneNodeLocation
FN:103,selectReplacementLocations
FN:111,getReplacementLocations
FN:120,(anonymous_15)
FNF:16
FNH:16
FNDA:4,getSurroundingScope
FNDA:16,(anonymous_1)
FNDA:8,getVariableDeclaractor
FNDA:4,getVariableDeclaration
FNDA:1,getDeclarationBody
FNDA:15,isAnArrowFunctionParameter
FNDA:18,isDeclaredVariableInDeclaration
FNDA:19,isAVariableDeclaration
FNDA:9,isMemberExpression
FNDA:9,isAcceptableIdentifier
FNDA:280,isAMatchingIdentifier
FNDA:90,isDescendableNode
FNDA:6,shallowCloneNodeLocation
FNDA:9,selectReplacementLocations
FNDA:7,getReplacementLocations
FNDA:109,(anonymous_15)
DA:1,1
DA:2,1
DA:3,1
DA:18,1
DA:19,1
DA:22,4
DA:24,16
DA:29,8
DA:33,4
DA:37,1
DA:39,1
DA:43,15
DA:48,18
DA:53,19
DA:55,19
DA:61,19
DA:67,9
DA:72,9
DA:73,1
DA:75,8
DA:80,280
DA:84,1
DA:93,90
DA:97,6
DA:104,9
DA:105,9
DA:107,9
DA:112,7
DA:114,7
DA:116,7
DA:119,9
DA:121,109
DA:122,109
DA:123,109
DA:124,109
DA:128,109
DA:129,15
DA:130,94
DA:136,4
DA:138,4
DA:141,90
DA:142,7
DA:143,83
DA:146,6
DA:148,6
DA:149,0
DA:152,6
DA:157,9
DA:160,1
LF:49
LH:48
BRDA:24,0,0,16
BRDA:24,0,1,13
BRDA:43,1,0,15
BRDA:43,1,1,2
BRDA:48,2,0,18
BRDA:48,2,1,5
BRDA:61,3,0,19
BRDA:61,3,1,18
BRDA:61,3,2,15
BRDA:72,4,0,1
BRDA:72,4,1,8
BRDA:80,5,0,280
BRDA:80,5,1,106
BRDA:107,6,0,0
BRDA:107,6,1,9
BRDA:124,7,0,109
BRDA:124,7,1,18
BRDA:124,7,2,1
BRDA:128,8,0,15
BRDA:128,8,1,94
BRDA:128,9,0,109
BRDA:128,9,1,95
BRDA:130,10,0,4
BRDA:130,10,1,90
BRDA:131,11,0,94
BRDA:131,11,1,90
BRDA:131,11,2,88
BRDA:131,11,3,11
BRDA:141,12,0,7
BRDA:141,12,1,83
BRDA:141,13,0,90
BRDA:141,13,1,14
BRDA:143,14,0,6
BRDA:143,14,1,77
BRDA:143,15,0,83
BRDA:143,15,1,9
BRDA:148,16,0,0
BRDA:148,16,1,6
BRDA:148,17,0,6
BRDA:148,17,1,0
BRF:40
BRH:37
end_of_record
