{"/Users/cmstead/Documents/projects/js-codeformer/modules/action-setup.js":{"path":"/Users/cmstead/Documents/projects/js-codeformer/modules/action-setup.js","statementMap":{"0":{"start":{"line":1,"column":15},"end":{"line":1,"column":41}},"1":{"start":{"line":2,"column":17},"end":{"line":2,"column":39}},"2":{"start":{"line":3,"column":41},"end":{"line":3,"column":86}},"3":{"start":{"line":6,"column":4},"end":{"line":6,"column":50}},"4":{"start":{"line":10,"column":4},"end":{"line":10,"column":60}},"5":{"start":{"line":12,"column":29},"end":{"line":12,"column":59}},"6":{"start":{"line":14,"column":21},"end":{"line":14,"column":77}},"7":{"start":{"line":15,"column":19},"end":{"line":15,"column":54}},"8":{"start":{"line":17,"column":4},"end":{"line":45,"column":5}},"9":{"start":{"line":18,"column":20},"end":{"line":18,"column":40}},"10":{"start":{"line":19,"column":30},"end":{"line":19,"column":67}},"11":{"start":{"line":21,"column":8},"end":{"line":41,"column":10}},"12":{"start":{"line":26,"column":16},"end":{"line":35,"column":23}},"13":{"start":{"line":28,"column":41},"end":{"line":28,"column":80}},"14":{"start":{"line":29,"column":46},"end":{"line":29,"column":83}},"15":{"start":{"line":31,"column":24},"end":{"line":34,"column":26}},"16":{"start":{"line":44,"column":8},"end":{"line":44,"column":87}},"17":{"start":{"line":49,"column":4},"end":{"line":57,"column":6}},"18":{"start":{"line":50,"column":8},"end":{"line":56,"column":9}},"19":{"start":{"line":51,"column":32},"end":{"line":51,"column":58}},"20":{"start":{"line":53,"column":12},"end":{"line":53,"column":33}},"21":{"start":{"line":55,"column":12},"end":{"line":55,"column":26}},"22":{"start":{"line":60,"column":0},"end":{"line":63,"column":2}}},"fnMap":{"0":{"name":"getVscodeInstance","decl":{"start":{"line":5,"column":9},"end":{"line":5,"column":26}},"loc":{"start":{"line":5,"column":29},"end":{"line":7,"column":1}},"line":5},"1":{"name":"prepareActionSetup","decl":{"start":{"line":9,"column":9},"end":{"line":9,"column":27}},"loc":{"start":{"line":9,"column":43},"end":{"line":46,"column":1}},"line":9},"2":{"name":"(anonymous_2)","decl":{"start":{"line":25,"column":31},"end":{"line":25,"column":32}},"loc":{"start":{"line":25,"column":43},"end":{"line":36,"column":13}},"line":25},"3":{"name":"(anonymous_3)","decl":{"start":{"line":27,"column":25},"end":{"line":27,"column":26}},"loc":{"start":{"line":27,"column":40},"end":{"line":35,"column":21}},"line":27},"4":{"name":"asyncPrepareActionSetup","decl":{"start":{"line":48,"column":9},"end":{"line":48,"column":32}},"loc":{"start":{"line":48,"column":48},"end":{"line":58,"column":1}},"line":48},"5":{"name":"(anonymous_5)","decl":{"start":{"line":49,"column":23},"end":{"line":49,"column":24}},"loc":{"start":{"line":49,"column":50},"end":{"line":57,"column":5}},"line":49}},"branchMap":{"0":{"loc":{"start":{"line":9,"column":28},"end":{"line":9,"column":41}},"type":"default-arg","locations":[{"start":{"line":9,"column":37},"end":{"line":9,"column":41}}],"line":9},"1":{"loc":{"start":{"line":10,"column":13},"end":{"line":10,"column":59}},"type":"cond-expr","locations":[{"start":{"line":10,"column":31},"end":{"line":10,"column":50}},{"start":{"line":10,"column":53},"end":{"line":10,"column":59}}],"line":10},"2":{"loc":{"start":{"line":48,"column":33},"end":{"line":48,"column":46}},"type":"default-arg","locations":[{"start":{"line":48,"column":42},"end":{"line":48,"column":46}}],"line":48}},"s":{"0":1,"1":1,"2":1,"3":0,"4":1,"5":1,"6":1,"7":1,"8":1,"9":1,"10":1,"11":1,"12":0,"13":0,"14":0,"15":0,"16":0,"17":0,"18":0,"19":0,"20":0,"21":0,"22":1},"f":{"0":0,"1":1,"2":0,"3":0,"4":0,"5":0},"b":{"0":[0],"1":[0,1],"2":[0]},"_coverageSchema":"1a1c01bbd47fc00a2c39e90264f33305004495a9","hash":"d8fa472a54e581e551892812f90c3f8718175239","contentHash":"bac133674a9878c30b7ad601feb9a684c722b60cc7a45568bd6250ad7c3b090f"},"/Users/cmstead/Documents/projects/js-codeformer/modules/parser/parser.js":{"path":"/Users/cmstead/Documents/projects/js-codeformer/modules/parser/parser.js","statementMap":{"0":{"start":{"line":1,"column":17},"end":{"line":1,"column":64}},"1":{"start":{"line":3,"column":23},"end":{"line":3,"column":47}},"2":{"start":{"line":6,"column":4},"end":{"line":11,"column":9}},"3":{"start":{"line":7,"column":24},"end":{"line":7,"column":51}},"4":{"start":{"line":9,"column":41},"end":{"line":9,"column":74}},"5":{"start":{"line":15,"column":4},"end":{"line":17,"column":7}},"6":{"start":{"line":21,"column":4},"end":{"line":25,"column":7}},"7":{"start":{"line":29,"column":4},"end":{"line":39,"column":5}},"8":{"start":{"line":30,"column":8},"end":{"line":32,"column":39}},"9":{"start":{"line":34,"column":8},"end":{"line":38,"column":9}},"10":{"start":{"line":35,"column":12},"end":{"line":35,"column":24}},"11":{"start":{"line":37,"column":12},"end":{"line":37,"column":55}},"12":{"start":{"line":43,"column":28},"end":{"line":43,"column":73}},"13":{"start":{"line":44,"column":4},"end":{"line":44,"column":57}},"14":{"start":{"line":47,"column":0},"end":{"line":49,"column":2}}},"fnMap":{"0":{"name":"applyParseModeTransformations","decl":{"start":{"line":5,"column":9},"end":{"line":5,"column":38}},"loc":{"start":{"line":5,"column":55},"end":{"line":12,"column":1}},"line":5},"1":{"name":"(anonymous_1)","decl":{"start":{"line":7,"column":16},"end":{"line":7,"column":17}},"loc":{"start":{"line":7,"column":24},"end":{"line":7,"column":51}},"line":7},"2":{"name":"(anonymous_2)","decl":{"start":{"line":9,"column":12},"end":{"line":9,"column":13}},"loc":{"start":{"line":9,"column":41},"end":{"line":9,"column":74}},"line":9},"3":{"name":"tryParseStandard","decl":{"start":{"line":14,"column":9},"end":{"line":14,"column":25}},"loc":{"start":{"line":14,"column":34},"end":{"line":18,"column":1}},"line":14},"4":{"name":"tryParseJsx","decl":{"start":{"line":20,"column":9},"end":{"line":20,"column":20}},"loc":{"start":{"line":20,"column":29},"end":{"line":26,"column":1}},"line":20},"5":{"name":"parseText","decl":{"start":{"line":28,"column":9},"end":{"line":28,"column":18}},"loc":{"start":{"line":28,"column":39},"end":{"line":40,"column":1}},"line":28},"6":{"name":"parse","decl":{"start":{"line":42,"column":9},"end":{"line":42,"column":14}},"loc":{"start":{"line":42,"column":31},"end":{"line":45,"column":1}},"line":42}},"branchMap":{"0":{"loc":{"start":{"line":30,"column":15},"end":{"line":32,"column":38}},"type":"cond-expr","locations":[{"start":{"line":31,"column":14},"end":{"line":31,"column":33}},{"start":{"line":32,"column":14},"end":{"line":32,"column":38}}],"line":30},"1":{"loc":{"start":{"line":34,"column":8},"end":{"line":38,"column":9}},"type":"if","locations":[{"start":{"line":34,"column":8},"end":{"line":38,"column":9}},{"start":{"line":34,"column":8},"end":{"line":38,"column":9}}],"line":34}},"s":{"0":1,"1":1,"2":140,"3":140,"4":1,"5":140,"6":1,"7":141,"8":141,"9":2,"10":1,"11":1,"12":140,"13":140,"14":1},"f":{"0":140,"1":140,"2":1,"3":140,"4":1,"5":141,"6":140},"b":{"0":[1,140],"1":[1,1]},"_coverageSchema":"1a1c01bbd47fc00a2c39e90264f33305004495a9","hash":"aa3f4080332f03ddf21f83974adca70d66bba126","contentHash":"9b8a160036ee32824996ca9c97369e03c54b152338a8bd1871e90df4da9b5e72"},"/Users/cmstead/Documents/projects/js-codeformer/modules/parser/parse-modes.js":{"path":"/Users/cmstead/Documents/projects/js-codeformer/modules/parser/parse-modes.js","statementMap":{"0":{"start":{"line":1,"column":37},"end":{"line":1,"column":63}},"1":{"start":{"line":3,"column":19},"end":{"line":5,"column":1}},"2":{"start":{"line":7,"column":0},"end":{"line":9,"column":2}}},"fnMap":{},"branchMap":{},"s":{"0":1,"1":1,"2":1},"f":{},"b":{},"_coverageSchema":"1a1c01bbd47fc00a2c39e90264f33305004495a9","hash":"36bade5a619e51b8a3222de17b718dc2cd517f9c","contentHash":"51d097f82ce2e973ba04e5e30644f04bcb8058fe527313bc34d421a9b8a16a11"},"/Users/cmstead/Documents/projects/js-codeformer/modules/parser/html-stripper.js":{"path":"/Users/cmstead/Documents/projects/js-codeformer/modules/parser/html-stripper.js","statementMap":{"0":{"start":{"line":1,"column":32},"end":{"line":1,"column":56}},"1":{"start":{"line":2,"column":27},"end":{"line":2,"column":49}},"2":{"start":{"line":5,"column":4},"end":{"line":5,"column":44}},"3":{"start":{"line":9,"column":4},"end":{"line":9,"column":46}},"4":{"start":{"line":13,"column":4},"end":{"line":21,"column":5}},"5":{"start":{"line":14,"column":8},"end":{"line":18,"column":9}},"6":{"start":{"line":15,"column":12},"end":{"line":15,"column":24}},"7":{"start":{"line":16,"column":15},"end":{"line":18,"column":9}},"8":{"start":{"line":17,"column":12},"end":{"line":17,"column":25}},"9":{"start":{"line":20,"column":8},"end":{"line":20,"column":33}},"10":{"start":{"line":25,"column":4},"end":{"line":25,"column":43}},"11":{"start":{"line":29,"column":28},"end":{"line":29,"column":49}},"12":{"start":{"line":31,"column":4},"end":{"line":45,"column":20}},"13":{"start":{"line":34,"column":39},"end":{"line":34,"column":75}},"14":{"start":{"line":35,"column":12},"end":{"line":35,"column":62}},"15":{"start":{"line":37,"column":41},"end":{"line":37,"column":76}},"16":{"start":{"line":38,"column":34},"end":{"line":38,"column":70}},"17":{"start":{"line":40,"column":12},"end":{"line":43,"column":21}},"18":{"start":{"line":48,"column":0},"end":{"line":53,"column":2}}},"fnMap":{"0":{"name":"isScriptStartLine","decl":{"start":{"line":4,"column":9},"end":{"line":4,"column":26}},"loc":{"start":{"line":4,"column":39},"end":{"line":6,"column":1}},"line":4},"1":{"name":"isScriptEndLine","decl":{"start":{"line":8,"column":9},"end":{"line":8,"column":24}},"loc":{"start":{"line":8,"column":37},"end":{"line":10,"column":1}},"line":8},"2":{"name":"getNewScriptStateBuilder","decl":{"start":{"line":12,"column":9},"end":{"line":12,"column":33}},"loc":{"start":{"line":12,"column":46},"end":{"line":22,"column":1}},"line":12},"3":{"name":"(anonymous_3)","decl":{"start":{"line":13,"column":11},"end":{"line":13,"column":12}},"loc":{"start":{"line":13,"column":40},"end":{"line":21,"column":5}},"line":13},"4":{"name":"isHtml","decl":{"start":{"line":24,"column":9},"end":{"line":24,"column":15}},"loc":{"start":{"line":24,"column":24},"end":{"line":26,"column":1}},"line":24},"5":{"name":"stripHtml","decl":{"start":{"line":28,"column":9},"end":{"line":28,"column":18}},"loc":{"start":{"line":28,"column":27},"end":{"line":46,"column":1}},"line":28},"6":{"name":"(anonymous_6)","decl":{"start":{"line":33,"column":13},"end":{"line":33,"column":14}},"loc":{"start":{"line":33,"column":27},"end":{"line":44,"column":9}},"line":33}},"branchMap":{"0":{"loc":{"start":{"line":14,"column":8},"end":{"line":18,"column":9}},"type":"if","locations":[{"start":{"line":14,"column":8},"end":{"line":18,"column":9}},{"start":{"line":14,"column":8},"end":{"line":18,"column":9}}],"line":14},"1":{"loc":{"start":{"line":16,"column":15},"end":{"line":18,"column":9}},"type":"if","locations":[{"start":{"line":16,"column":15},"end":{"line":18,"column":9}},{"start":{"line":16,"column":15},"end":{"line":18,"column":9}}],"line":16},"2":{"loc":{"start":{"line":40,"column":19},"end":{"line":43,"column":20}},"type":"cond-expr","locations":[{"start":{"line":42,"column":18},"end":{"line":42,"column":28}},{"start":{"line":43,"column":18},"end":{"line":43,"column":20}}],"line":40},"3":{"loc":{"start":{"line":40,"column":19},"end":{"line":41,"column":39}},"type":"binary-expr","locations":[{"start":{"line":40,"column":19},"end":{"line":40,"column":32}},{"start":{"line":41,"column":19},"end":{"line":41,"column":39}}],"line":40}},"s":{"0":1,"1":1,"2":22,"3":20,"4":22,"5":22,"6":2,"7":20,"8":2,"9":18,"10":140,"11":1,"12":1,"13":22,"14":22,"15":22,"16":22,"17":22,"18":1},"f":{"0":22,"1":20,"2":22,"3":22,"4":140,"5":1,"6":22},"b":{"0":[2,20],"1":[2,18],"2":[6,16],"3":[22,8]},"_coverageSchema":"1a1c01bbd47fc00a2c39e90264f33305004495a9","hash":"9edc60fdb1b0870da84f38c032e8306c5cb9343c","contentHash":"0cfeb25dce305e51e33665981af42d0ca6bd4e73cbd00819cb7f7b1af34f3a37"},"/Users/cmstead/Documents/projects/js-codeformer/modules/parser/ScriptState.js":{"path":"/Users/cmstead/Documents/projects/js-codeformer/modules/parser/ScriptState.js","statementMap":{"0":{"start":{"line":3,"column":8},"end":{"line":3,"column":34}},"1":{"start":{"line":4,"column":8},"end":{"line":4,"column":34}},"2":{"start":{"line":8,"column":8},"end":{"line":8,"column":59}},"3":{"start":{"line":10,"column":8},"end":{"line":10,"column":37}},"4":{"start":{"line":14,"column":8},"end":{"line":14,"column":33}},"5":{"start":{"line":18,"column":8},"end":{"line":18,"column":33}},"6":{"start":{"line":22,"column":8},"end":{"line":22,"column":56}},"7":{"start":{"line":27,"column":4},"end":{"line":27,"column":29}},"8":{"start":{"line":30,"column":0},"end":{"line":33,"column":2}}},"fnMap":{"0":{"name":"(anonymous_0)","decl":{"start":{"line":2,"column":4},"end":{"line":2,"column":5}},"loc":{"start":{"line":2,"column":18},"end":{"line":5,"column":5}},"line":2},"1":{"name":"(anonymous_1)","decl":{"start":{"line":7,"column":4},"end":{"line":7,"column":5}},"loc":{"start":{"line":7,"column":23},"end":{"line":11,"column":5}},"line":7},"2":{"name":"(anonymous_2)","decl":{"start":{"line":13,"column":4},"end":{"line":13,"column":5}},"loc":{"start":{"line":13,"column":23},"end":{"line":15,"column":5}},"line":13},"3":{"name":"(anonymous_3)","decl":{"start":{"line":17,"column":4},"end":{"line":17,"column":5}},"loc":{"start":{"line":17,"column":21},"end":{"line":19,"column":5}},"line":17},"4":{"name":"(anonymous_4)","decl":{"start":{"line":21,"column":4},"end":{"line":21,"column":5}},"loc":{"start":{"line":21,"column":31},"end":{"line":23,"column":5}},"line":21},"5":{"name":"buildNewScriptState","decl":{"start":{"line":26,"column":9},"end":{"line":26,"column":28}},"loc":{"start":{"line":26,"column":31},"end":{"line":28,"column":1}},"line":26}},"branchMap":{},"s":{"0":1,"1":1,"2":22,"3":22,"4":22,"5":22,"6":22,"7":1,"8":1},"f":{"0":1,"1":22,"2":22,"3":22,"4":22,"5":1},"b":{},"_coverageSchema":"1a1c01bbd47fc00a2c39e90264f33305004495a9","hash":"e13e647588e4dd509c355122ccff0d253b106773","contentHash":"172819bda7fbafdc179e1c19e219cc7706f8295bf054b10a5613b9dce94da766"},"/Users/cmstead/Documents/projects/js-codeformer/modules/parser/ParseMode.js":{"path":"/Users/cmstead/Documents/projects/js-codeformer/modules/parser/ParseMode.js","statementMap":{"0":{"start":{"line":3,"column":8},"end":{"line":3,"column":29}},"1":{"start":{"line":4,"column":8},"end":{"line":4,"column":33}},"2":{"start":{"line":9,"column":4},"end":{"line":9,"column":44}},"3":{"start":{"line":12,"column":0},"end":{"line":15,"column":2}}},"fnMap":{"0":{"name":"(anonymous_0)","decl":{"start":{"line":2,"column":4},"end":{"line":2,"column":5}},"loc":{"start":{"line":2,"column":33},"end":{"line":5,"column":5}},"line":2},"1":{"name":"buildParseMode","decl":{"start":{"line":8,"column":9},"end":{"line":8,"column":23}},"loc":{"start":{"line":8,"column":47},"end":{"line":10,"column":1}},"line":8}},"branchMap":{},"s":{"0":1,"1":1,"2":1,"3":1},"f":{"0":1,"1":1},"b":{},"_coverageSchema":"1a1c01bbd47fc00a2c39e90264f33305004495a9","hash":"42ed6d41527dc12cf827794d8dd1478c690dffdd","contentHash":"74a3406bd5d341cebf804e2f33185bb86cbb153bc89a0f3e85240b65a44eb53a"},"/Users/cmstead/Documents/projects/js-codeformer/modules/node-path.js":{"path":"/Users/cmstead/Documents/projects/js-codeformer/modules/node-path.js","statementMap":{"0":{"start":{"line":1,"column":20},"end":{"line":1,"column":44}},"1":{"start":{"line":2,"column":27},"end":{"line":2,"column":64}},"2":{"start":{"line":3,"column":24},"end":{"line":3,"column":47}},"3":{"start":{"line":6,"column":4},"end":{"line":8,"column":73}},"4":{"start":{"line":12,"column":4},"end":{"line":14,"column":69}},"5":{"start":{"line":18,"column":4},"end":{"line":19,"column":64}},"6":{"start":{"line":37,"column":19},"end":{"line":37,"column":21}},"7":{"start":{"line":39,"column":4},"end":{"line":51,"column":7}},"8":{"start":{"line":41,"column":12},"end":{"line":43,"column":13}},"9":{"start":{"line":42,"column":16},"end":{"line":42,"column":36}},"10":{"start":{"line":45,"column":12},"end":{"line":49,"column":13}},"11":{"start":{"line":46,"column":16},"end":{"line":48,"column":74}},"12":{"start":{"line":53,"column":4},"end":{"line":53,"column":20}},"13":{"start":{"line":56,"column":0},"end":{"line":59,"column":2}}},"fnMap":{"0":{"name":"nodeStartContainsSelectionStart","decl":{"start":{"line":5,"column":9},"end":{"line":5,"column":40}},"loc":{"start":{"line":5,"column":66},"end":{"line":9,"column":1}},"line":5},"1":{"name":"nodeEndContainsSelectionEnd","decl":{"start":{"line":11,"column":9},"end":{"line":11,"column":36}},"loc":{"start":{"line":11,"column":62},"end":{"line":15,"column":1}},"line":11},"2":{"name":"nodeContainsSelection","decl":{"start":{"line":17,"column":9},"end":{"line":17,"column":30}},"loc":{"start":{"line":17,"column":56},"end":{"line":20,"column":1}},"line":17},"3":{"name":"buildNodePath","decl":{"start":{"line":36,"column":9},"end":{"line":36,"column":22}},"loc":{"start":{"line":36,"column":56},"end":{"line":54,"column":1}},"line":36},"4":{"name":"(anonymous_4)","decl":{"start":{"line":40,"column":15},"end":{"line":40,"column":16}},"loc":{"start":{"line":40,"column":31},"end":{"line":50,"column":9}},"line":40}},"branchMap":{"0":{"loc":{"start":{"line":6,"column":12},"end":{"line":8,"column":71}},"type":"binary-expr","locations":[{"start":{"line":6,"column":12},"end":{"line":6,"column":62}},{"start":{"line":7,"column":12},"end":{"line":7,"column":64}},{"start":{"line":8,"column":15},"end":{"line":8,"column":70}}],"line":6},"1":{"loc":{"start":{"line":12,"column":12},"end":{"line":14,"column":67}},"type":"binary-expr","locations":[{"start":{"line":12,"column":12},"end":{"line":12,"column":58}},{"start":{"line":13,"column":12},"end":{"line":13,"column":60}},{"start":{"line":14,"column":15},"end":{"line":14,"column":66}}],"line":12},"2":{"loc":{"start":{"line":18,"column":11},"end":{"line":19,"column":63}},"type":"binary-expr","locations":[{"start":{"line":18,"column":11},"end":{"line":18,"column":67}},{"start":{"line":19,"column":11},"end":{"line":19,"column":63}}],"line":18},"3":{"loc":{"start":{"line":41,"column":12},"end":{"line":43,"column":13}},"type":"if","locations":[{"start":{"line":41,"column":12},"end":{"line":43,"column":13}},{"start":{"line":41,"column":12},"end":{"line":43,"column":13}}],"line":41},"4":{"loc":{"start":{"line":45,"column":12},"end":{"line":49,"column":13}},"type":"if","locations":[{"start":{"line":45,"column":12},"end":{"line":49,"column":13}},{"start":{"line":45,"column":12},"end":{"line":49,"column":13}}],"line":45}},"s":{"0":1,"1":1,"2":1,"3":4927,"4":2188,"5":4927,"6":124,"7":124,"8":4924,"9":627,"10":4924,"11":9,"12":124,"13":1},"f":{"0":4927,"1":2188,"2":4927,"3":124,"4":4924},"b":{"0":[4927,3093,613],"1":[2188,1717,243],"2":[4927,2188],"3":[627,4297],"4":[9,4915]},"_coverageSchema":"1a1c01bbd47fc00a2c39e90264f33305004495a9","hash":"7e5cabf16e20b75e3483cdc069a461fb6357260e","contentHash":"50f9de33324831db3ea05a550b89654a381520a9a1ad9e3a5b66193f6c630a2e"},"/Users/cmstead/Documents/projects/js-codeformer/modules/astTraverse.js":{"path":"/Users/cmstead/Documents/projects/js-codeformer/modules/astTraverse.js","statementMap":{"0":{"start":{"line":1,"column":19},"end":{"line":1,"column":40}},"1":{"start":{"line":2,"column":50},"end":{"line":2,"column":87}},"2":{"start":{"line":3,"column":24},"end":{"line":3,"column":47}},"3":{"start":{"line":6,"column":4},"end":{"line":23,"column":7}},"4":{"start":{"line":9,"column":29},"end":{"line":9,"column":46}},"5":{"start":{"line":11,"column":12},"end":{"line":19,"column":13}},"6":{"start":{"line":12,"column":16},"end":{"line":12,"column":53}},"7":{"start":{"line":13,"column":19},"end":{"line":19,"column":13}},"8":{"start":{"line":14,"column":16},"end":{"line":16,"column":19}},"9":{"start":{"line":15,"column":20},"end":{"line":15,"column":46}},"10":{"start":{"line":17,"column":19},"end":{"line":19,"column":13}},"11":{"start":{"line":18,"column":16},"end":{"line":18,"column":53}},"12":{"start":{"line":21,"column":12},"end":{"line":21,"column":24}},"13":{"start":{"line":26,"column":0},"end":{"line":29,"column":2}}},"fnMap":{"0":{"name":"traverse","decl":{"start":{"line":5,"column":9},"end":{"line":5,"column":17}},"loc":{"start":{"line":5,"column":34},"end":{"line":24,"column":1}},"line":5},"1":{"name":"(anonymous_1)","decl":{"start":{"line":8,"column":8},"end":{"line":8,"column":9}},"loc":{"start":{"line":8,"column":23},"end":{"line":22,"column":9}},"line":8},"2":{"name":"(anonymous_2)","decl":{"start":{"line":14,"column":38},"end":{"line":14,"column":39}},"loc":{"start":{"line":14,"column":46},"end":{"line":16,"column":17}},"line":14}},"branchMap":{"0":{"loc":{"start":{"line":11,"column":12},"end":{"line":19,"column":13}},"type":"if","locations":[{"start":{"line":11,"column":12},"end":{"line":19,"column":13}},{"start":{"line":11,"column":12},"end":{"line":19,"column":13}}],"line":11},"1":{"loc":{"start":{"line":13,"column":19},"end":{"line":19,"column":13}},"type":"if","locations":[{"start":{"line":13,"column":19},"end":{"line":19,"column":13}},{"start":{"line":13,"column":19},"end":{"line":19,"column":13}}],"line":13},"2":{"loc":{"start":{"line":17,"column":19},"end":{"line":19,"column":13}},"type":"if","locations":[{"start":{"line":17,"column":19},"end":{"line":19,"column":13}},{"start":{"line":17,"column":19},"end":{"line":19,"column":13}}],"line":17}},"s":{"0":1,"1":1,"2":1,"3":144,"4":10,"5":10,"6":1,"7":9,"8":0,"9":0,"10":9,"11":0,"12":9,"13":1},"f":{"0":144,"1":10,"2":0},"b":{"0":[1,9],"1":[0,9],"2":[0,9]},"_coverageSchema":"1a1c01bbd47fc00a2c39e90264f33305004495a9","hash":"87c05f3c3b4e462029b98e45ebe2b70c906a0236","contentHash":"2b7b9e80897218150a83320646d6cbc52e4e37aa4282b3c3fb9267fa77c19e4e"},"/Users/cmstead/Documents/projects/js-codeformer/modules/constants/ast-node-types.js":{"path":"/Users/cmstead/Documents/projects/js-codeformer/modules/constants/ast-node-types.js","statementMap":{"0":{"start":{"line":1,"column":0},"end":{"line":41,"column":1}}},"fnMap":{},"branchMap":{},"s":{"0":1},"f":{},"b":{},"_coverageSchema":"1a1c01bbd47fc00a2c39e90264f33305004495a9","hash":"62c434f67f7df7d42fcac0b5352da8d75c986585","contentHash":"893f6c0cfd1920284a8a571d9dfb2dd9c9325049e482e98acf0886cf7d95b925"},"/Users/cmstead/Documents/projects/js-codeformer/modules/core-utils.js":{"path":"/Users/cmstead/Documents/projects/js-codeformer/modules/core-utils.js","statementMap":{"0":{"start":{"line":2,"column":27},"end":{"line":2,"column":42}},"1":{"start":{"line":3,"column":4},"end":{"line":3,"column":29}},"2":{"start":{"line":5,"column":4},"end":{"line":5,"column":26}},"3":{"start":{"line":9,"column":4},"end":{"line":9,"column":73}},"4":{"start":{"line":12,"column":13},"end":{"line":12,"column":48}},"5":{"start":{"line":12,"column":23},"end":{"line":12,"column":48}},"6":{"start":{"line":13,"column":14},"end":{"line":13,"column":33}},"7":{"start":{"line":13,"column":24},"end":{"line":13,"column":33}},"8":{"start":{"line":16,"column":0},"end":{"line":21,"column":2}}},"fnMap":{"0":{"name":"reverse","decl":{"start":{"line":1,"column":9},"end":{"line":1,"column":16}},"loc":{"start":{"line":1,"column":25},"end":{"line":6,"column":1}},"line":1},"1":{"name":"getNodeType","decl":{"start":{"line":8,"column":9},"end":{"line":8,"column":20}},"loc":{"start":{"line":8,"column":27},"end":{"line":10,"column":1}},"line":8},"2":{"name":"(anonymous_2)","decl":{"start":{"line":12,"column":13},"end":{"line":12,"column":14}},"loc":{"start":{"line":12,"column":23},"end":{"line":12,"column":48}},"line":12},"3":{"name":"(anonymous_3)","decl":{"start":{"line":13,"column":14},"end":{"line":13,"column":15}},"loc":{"start":{"line":13,"column":24},"end":{"line":13,"column":33}},"line":13}},"branchMap":{"0":{"loc":{"start":{"line":9,"column":11},"end":{"line":9,"column":72}},"type":"cond-expr","locations":[{"start":{"line":9,"column":58},"end":{"line":9,"column":67}},{"start":{"line":9,"column":70},"end":{"line":9,"column":72}}],"line":9},"1":{"loc":{"start":{"line":9,"column":11},"end":{"line":9,"column":55}},"type":"binary-expr","locations":[{"start":{"line":9,"column":11},"end":{"line":9,"column":24}},{"start":{"line":9,"column":28},"end":{"line":9,"column":55}}],"line":9}},"s":{"0":98,"1":98,"2":98,"3":7198,"4":1,"5":112,"6":1,"7":65,"8":1},"f":{"0":98,"1":7198,"2":112,"3":65},"b":{"0":[7187,11],"1":[7198,7190]},"_coverageSchema":"1a1c01bbd47fc00a2c39e90264f33305004495a9","hash":"f4237d44c8e7e479b1db770aab1380bfa4de3bf6","contentHash":"749809bebd8d571b26b4216abf004d271458188367a119e09574bbddeb0ddf24"},"/Users/cmstead/Documents/projects/js-codeformer/modules/edit-utils/code-range-transforms.js":{"path":"/Users/cmstead/Documents/projects/js-codeformer/modules/edit-utils/code-range-transforms.js","statementMap":{"0":{"start":{"line":2,"column":4},"end":{"line":11,"column":6}},"1":{"start":{"line":15,"column":4},"end":{"line":24,"column":6}},"2":{"start":{"line":27,"column":0},"end":{"line":30,"column":2}}},"fnMap":{"0":{"name":"transformSelectionToLocation","decl":{"start":{"line":1,"column":9},"end":{"line":1,"column":37}},"loc":{"start":{"line":1,"column":49},"end":{"line":12,"column":1}},"line":1},"1":{"name":"transformLocationToSelection","decl":{"start":{"line":14,"column":9},"end":{"line":14,"column":37}},"loc":{"start":{"line":14,"column":48},"end":{"line":25,"column":1}},"line":14}},"branchMap":{},"s":{"0":2,"1":1,"2":1},"f":{"0":2,"1":1},"b":{},"_coverageSchema":"1a1c01bbd47fc00a2c39e90264f33305004495a9","hash":"3030c8b5d71884bca566257d42482f8e98efa86d","contentHash":"5b87d7790456bbdb1daadf6c90df24572659bcbe6892b7423859a23c3cc385c5"},"/Users/cmstead/Documents/projects/js-codeformer/modules/builders/VariableBuilder.js":{"path":"/Users/cmstead/Documents/projects/js-codeformer/modules/builders/VariableBuilder.js","statementMap":{"0":{"start":{"line":1,"column":23},"end":{"line":1,"column":62}},"1":{"start":{"line":3,"column":22},"end":{"line":9,"column":1}},"2":{"start":{"line":11,"column":25},"end":{"line":11,"column":82}},"3":{"start":{"line":11,"column":63},"end":{"line":11,"column":81}},"4":{"start":{"line":19,"column":8},"end":{"line":19,"column":25}},"5":{"start":{"line":20,"column":8},"end":{"line":20,"column":25}},"6":{"start":{"line":21,"column":8},"end":{"line":21,"column":27}},"7":{"start":{"line":23,"column":8},"end":{"line":26,"column":25}},"8":{"start":{"line":30,"column":21},"end":{"line":32,"column":29}},"9":{"start":{"line":34,"column":8},"end":{"line":34,"column":78}},"10":{"start":{"line":39,"column":4},"end":{"line":39,"column":54}},"11":{"start":{"line":42,"column":0},"end":{"line":47,"column":2}}},"fnMap":{"0":{"name":"(anonymous_0)","decl":{"start":{"line":11,"column":56},"end":{"line":11,"column":57}},"loc":{"start":{"line":11,"column":63},"end":{"line":11,"column":81}},"line":11},"1":{"name":"(anonymous_1)","decl":{"start":{"line":14,"column":4},"end":{"line":14,"column":5}},"loc":{"start":{"line":18,"column":7},"end":{"line":27,"column":5}},"line":18},"2":{"name":"(anonymous_2)","decl":{"start":{"line":29,"column":4},"end":{"line":29,"column":5}},"loc":{"start":{"line":29,"column":31},"end":{"line":35,"column":5}},"line":29},"3":{"name":"getNewVariableBuilder","decl":{"start":{"line":38,"column":9},"end":{"line":38,"column":30}},"loc":{"start":{"line":38,"column":54},"end":{"line":40,"column":1}},"line":38}},"branchMap":{"0":{"loc":{"start":{"line":15,"column":8},"end":{"line":15,"column":34}},"type":"default-arg","locations":[{"start":{"line":15,"column":15},"end":{"line":15,"column":34}}],"line":15},"1":{"loc":{"start":{"line":16,"column":8},"end":{"line":16,"column":28}},"type":"default-arg","locations":[{"start":{"line":16,"column":15},"end":{"line":16,"column":28}}],"line":16},"2":{"loc":{"start":{"line":17,"column":8},"end":{"line":17,"column":22}},"type":"default-arg","locations":[{"start":{"line":17,"column":16},"end":{"line":17,"column":22}}],"line":17},"3":{"loc":{"start":{"line":23,"column":33},"end":{"line":26,"column":24}},"type":"cond-expr","locations":[{"start":{"line":25,"column":14},"end":{"line":25,"column":16}},{"start":{"line":26,"column":14},"end":{"line":26,"column":24}}],"line":23},"4":{"loc":{"start":{"line":23,"column":33},"end":{"line":24,"column":46}},"type":"binary-expr","locations":[{"start":{"line":23,"column":33},"end":{"line":23,"column":58}},{"start":{"line":24,"column":15},"end":{"line":24,"column":46}}],"line":23},"5":{"loc":{"start":{"line":30,"column":21},"end":{"line":32,"column":29}},"type":"cond-expr","locations":[{"start":{"line":31,"column":14},"end":{"line":31,"column":16}},{"start":{"line":32,"column":14},"end":{"line":32,"column":29}}],"line":30}},"s":{"0":1,"1":1,"2":1,"3":5,"4":10,"5":10,"6":10,"7":10,"8":10,"9":10,"10":10,"11":1},"f":{"0":5,"1":10,"2":10,"3":10},"b":{"0":[0],"1":[0],"2":[0],"3":[5,5],"4":[10,9],"5":[4,6]},"_coverageSchema":"1a1c01bbd47fc00a2c39e90264f33305004495a9","hash":"11bd78310826aa45d6de53f8187c2e3bf75be8a1","contentHash":"7059946709392593107ce6cf8ae10c52227f8b4dd33ff2377af79c21ee83626f"},"/Users/cmstead/Documents/projects/js-codeformer/modules/constants/language-values.js":{"path":"/Users/cmstead/Documents/projects/js-codeformer/modules/constants/language-values.js","statementMap":{"0":{"start":{"line":1,"column":22},"end":{"line":1,"column":50}},"1":{"start":{"line":3,"column":0},"end":{"line":9,"column":1}},"2":{"start":{"line":5,"column":23},"end":{"line":5,"column":48}},"3":{"start":{"line":7,"column":8},"end":{"line":7,"column":47}}},"fnMap":{"0":{"name":"(anonymous_0)","decl":{"start":{"line":4,"column":4},"end":{"line":4,"column":5}},"loc":{"start":{"line":4,"column":21},"end":{"line":8,"column":5}},"line":4}},"branchMap":{"0":{"loc":{"start":{"line":7,"column":15},"end":{"line":7,"column":46}},"type":"cond-expr","locations":[{"start":{"line":7,"column":38},"end":{"line":7,"column":41}},{"start":{"line":7,"column":44},"end":{"line":7,"column":46}}],"line":7}},"s":{"0":1,"1":1,"2":11,"3":11},"f":{"0":11},"b":{"0":[11,0]},"_coverageSchema":"1a1c01bbd47fc00a2c39e90264f33305004495a9","hash":"3f3b5e684b2f27a01079b2f9fc2645f4676360b7","contentHash":"7c48b19b96a9df7e7e80e098f0b5468356ed0f852bc9bb55dc5dad8076008284"},"/Users/cmstead/Documents/projects/js-codeformer/modules/config-service.js":{"path":"/Users/cmstead/Documents/projects/js-codeformer/modules/config-service.js","statementMap":{"0":{"start":{"line":1,"column":13},"end":{"line":3,"column":1}},"1":{"start":{"line":6,"column":4},"end":{"line":8,"column":7}},"2":{"start":{"line":7,"column":8},"end":{"line":7,"column":41}},"3":{"start":{"line":12,"column":4},"end":{"line":12,"column":18}},"4":{"start":{"line":15,"column":0},"end":{"line":18,"column":2}}},"fnMap":{"0":{"name":"setConfigOptions","decl":{"start":{"line":5,"column":9},"end":{"line":5,"column":25}},"loc":{"start":{"line":5,"column":41},"end":{"line":9,"column":1}},"line":5},"1":{"name":"(anonymous_1)","decl":{"start":{"line":6,"column":39},"end":{"line":6,"column":40}},"loc":{"start":{"line":6,"column":48},"end":{"line":8,"column":5}},"line":6},"2":{"name":"getConfig","decl":{"start":{"line":11,"column":9},"end":{"line":11,"column":18}},"loc":{"start":{"line":11,"column":21},"end":{"line":13,"column":1}},"line":11}},"branchMap":{},"s":{"0":1,"1":0,"2":0,"3":11,"4":1},"f":{"0":0,"1":0,"2":11},"b":{},"_coverageSchema":"1a1c01bbd47fc00a2c39e90264f33305004495a9","hash":"b1ea416086d2290564aa36278efa020e68c9cafe","contentHash":"56a37f1b827c9061629039633a1abd957ce9737830d14c70bf0d288b553737fd"},"/Users/cmstead/Documents/projects/js-codeformer/modules/commands/change-variable-type/change-variable-type.js":{"path":"/Users/cmstead/Documents/projects/js-codeformer/modules/commands/change-variable-type/change-variable-type.js","statementMap":{"0":{"start":{"line":1,"column":49},"end":{"line":1,"column":90}},"1":{"start":{"line":2,"column":31},"end":{"line":2,"column":64}},"2":{"start":{"line":5,"column":25},"end":{"line":5,"column":48}},"3":{"start":{"line":7,"column":4},"end":{"line":7,"column":52}},"4":{"start":{"line":11,"column":4},"end":{"line":16,"column":36}},"5":{"start":{"line":19,"column":0},"end":{"line":21,"column":2}}},"fnMap":{"0":{"name":"getVariableValueString","decl":{"start":{"line":4,"column":9},"end":{"line":4,"column":31}},"loc":{"start":{"line":4,"column":56},"end":{"line":8,"column":1}},"line":4},"1":{"name":"getNewVariableString","decl":{"start":{"line":10,"column":9},"end":{"line":10,"column":29}},"loc":{"start":{"line":10,"column":62},"end":{"line":17,"column":1}},"line":10}},"branchMap":{},"s":{"0":1,"1":1,"2":1,"3":1,"4":1,"5":1},"f":{"0":1,"1":1},"b":{},"_coverageSchema":"1a1c01bbd47fc00a2c39e90264f33305004495a9","hash":"69ee168d96ac01995cd5582fa848fed63ddc5941","contentHash":"f1a8fc5fe806e0acb667eacd90e9976e3acddc914de72a66576f1f639d6de9ee"},"/Users/cmstead/Documents/projects/js-codeformer/modules/source-utilities.js":{"path":"/Users/cmstead/Documents/projects/js-codeformer/modules/source-utilities.js","statementMap":{"0":{"start":{"line":2,"column":4},"end":{"line":7,"column":6}},"1":{"start":{"line":16,"column":8},"end":{"line":16,"column":43}},"2":{"start":{"line":18,"column":26},"end":{"line":18,"column":78}},"3":{"start":{"line":20,"column":4},"end":{"line":31,"column":5}},"4":{"start":{"line":21,"column":8},"end":{"line":21,"column":18}},"5":{"start":{"line":22,"column":11},"end":{"line":31,"column":5}},"6":{"start":{"line":23,"column":8},"end":{"line":23,"column":61}},"7":{"start":{"line":25,"column":26},"end":{"line":25,"column":50}},"8":{"start":{"line":27,"column":8},"end":{"line":27,"column":63}},"9":{"start":{"line":28,"column":8},"end":{"line":28,"column":80}},"10":{"start":{"line":30,"column":8},"end":{"line":30,"column":40}},"11":{"start":{"line":36,"column":4},"end":{"line":37,"column":50}},"12":{"start":{"line":37,"column":8},"end":{"line":37,"column":48}},"13":{"start":{"line":40,"column":0},"end":{"line":44,"column":2}}},"fnMap":{"0":{"name":"locationToSourceSelection","decl":{"start":{"line":1,"column":9},"end":{"line":1,"column":34}},"loc":{"start":{"line":1,"column":51},"end":{"line":8,"column":1}},"line":1},"1":{"name":"getSourceSelection","decl":{"start":{"line":10,"column":9},"end":{"line":10,"column":27}},"loc":{"start":{"line":10,"column":50},"end":{"line":33,"column":1}},"line":10},"2":{"name":"getAllSourceSelections","decl":{"start":{"line":35,"column":9},"end":{"line":35,"column":31}},"loc":{"start":{"line":35,"column":55},"end":{"line":38,"column":1}},"line":35},"3":{"name":"(anonymous_3)","decl":{"start":{"line":36,"column":25},"end":{"line":36,"column":26}},"loc":{"start":{"line":37,"column":8},"end":{"line":37,"column":48}},"line":37}},"branchMap":{"0":{"loc":{"start":{"line":20,"column":4},"end":{"line":31,"column":5}},"type":"if","locations":[{"start":{"line":20,"column":4},"end":{"line":31,"column":5}},{"start":{"line":20,"column":4},"end":{"line":31,"column":5}}],"line":20},"1":{"loc":{"start":{"line":22,"column":11},"end":{"line":31,"column":5}},"type":"if","locations":[{"start":{"line":22,"column":11},"end":{"line":31,"column":5}},{"start":{"line":22,"column":11},"end":{"line":31,"column":5}}],"line":22}},"s":{"0":88,"1":88,"2":88,"3":88,"4":0,"5":88,"6":72,"7":16,"8":16,"9":16,"10":16,"11":0,"12":0,"13":1},"f":{"0":88,"1":88,"2":0,"3":0},"b":{"0":[0,88],"1":[72,16]},"_coverageSchema":"1a1c01bbd47fc00a2c39e90264f33305004495a9","hash":"005568c44d1504fd0dfaf460cf7883d199153083","contentHash":"3c9e0f8615399e5643e283b6c0f80d03b6e8993a0fc23622bd3850e8b6966fb4"},"/Users/cmstead/Documents/projects/js-codeformer/modules/edit-utils/node-path-utils.js":{"path":"/Users/cmstead/Documents/projects/js-codeformer/modules/edit-utils/node-path-utils.js","statementMap":{"0":{"start":{"line":1,"column":37},"end":{"line":1,"column":75}},"1":{"start":{"line":2,"column":33},"end":{"line":2,"column":57}},"2":{"start":{"line":5,"column":4},"end":{"line":8,"column":46}},"3":{"start":{"line":7,"column":12},"end":{"line":8,"column":44}},"4":{"start":{"line":12,"column":23},"end":{"line":12,"column":27}},"5":{"start":{"line":13,"column":34},"end":{"line":13,"column":56}},"6":{"start":{"line":15,"column":4},"end":{"line":23,"column":5}},"7":{"start":{"line":16,"column":21},"end":{"line":16,"column":47}},"8":{"start":{"line":18,"column":8},"end":{"line":22,"column":9}},"9":{"start":{"line":19,"column":12},"end":{"line":19,"column":32}},"10":{"start":{"line":20,"column":15},"end":{"line":22,"column":9}},"11":{"start":{"line":21,"column":12},"end":{"line":21,"column":18}},"12":{"start":{"line":25,"column":4},"end":{"line":25,"column":24}},"13":{"start":{"line":29,"column":4},"end":{"line":29,"column":89}},"14":{"start":{"line":29,"column":58},"end":{"line":29,"column":88}},"15":{"start":{"line":33,"column":30},"end":{"line":33,"column":52}},"16":{"start":{"line":35,"column":4},"end":{"line":35,"column":74}},"17":{"start":{"line":37,"column":4},"end":{"line":37,"column":69}},"18":{"start":{"line":40,"column":0},"end":{"line":45,"column":2}}},"fnMap":{"0":{"name":"getSurroundingScope","decl":{"start":{"line":4,"column":9},"end":{"line":4,"column":28}},"loc":{"start":{"line":4,"column":44},"end":{"line":9,"column":1}},"line":4},"1":{"name":"(anonymous_1)","decl":{"start":{"line":6,"column":14},"end":{"line":6,"column":15}},"loc":{"start":{"line":7,"column":12},"end":{"line":8,"column":44}},"line":7},"2":{"name":"findNodeByCheckFunction","decl":{"start":{"line":11,"column":9},"end":{"line":11,"column":32}},"loc":{"start":{"line":11,"column":64},"end":{"line":26,"column":1}},"line":11},"3":{"name":"findNodeInPath","decl":{"start":{"line":28,"column":9},"end":{"line":28,"column":23}},"loc":{"start":{"line":28,"column":49},"end":{"line":30,"column":1}},"line":28},"4":{"name":"(anonymous_4)","decl":{"start":{"line":29,"column":50},"end":{"line":29,"column":51}},"loc":{"start":{"line":29,"column":58},"end":{"line":29,"column":88}},"line":29},"5":{"name":"findAncestorNodeInPath","decl":{"start":{"line":32,"column":9},"end":{"line":32,"column":31}},"loc":{"start":{"line":32,"column":73},"end":{"line":38,"column":1}},"line":32}},"branchMap":{"0":{"loc":{"start":{"line":7,"column":12},"end":{"line":8,"column":44}},"type":"binary-expr","locations":[{"start":{"line":7,"column":12},"end":{"line":7,"column":49}},{"start":{"line":8,"column":15},"end":{"line":8,"column":44}}],"line":7},"1":{"loc":{"start":{"line":18,"column":8},"end":{"line":22,"column":9}},"type":"if","locations":[{"start":{"line":18,"column":8},"end":{"line":22,"column":9}},{"start":{"line":18,"column":8},"end":{"line":22,"column":9}}],"line":18},"2":{"loc":{"start":{"line":20,"column":15},"end":{"line":22,"column":9}},"type":"if","locations":[{"start":{"line":20,"column":15},"end":{"line":22,"column":9}},{"start":{"line":20,"column":15},"end":{"line":22,"column":9}}],"line":20},"3":{"loc":{"start":{"line":20,"column":19},"end":{"line":20,"column":65}},"type":"binary-expr","locations":[{"start":{"line":20,"column":19},"end":{"line":20,"column":40}},{"start":{"line":20,"column":44},"end":{"line":20,"column":65}}],"line":20}},"s":{"0":1,"1":1,"2":0,"3":0,"4":86,"5":86,"6":86,"7":293,"8":293,"9":89,"10":204,"11":83,"12":86,"13":73,"14":314,"15":0,"16":0,"17":0,"18":1},"f":{"0":0,"1":0,"2":86,"3":73,"4":314,"5":0},"b":{"0":[0,0],"1":[89,204],"2":[83,121],"3":[204,83]},"_coverageSchema":"1a1c01bbd47fc00a2c39e90264f33305004495a9","hash":"7b185adfea21df374b1085ec3f17d884dbc88ef4","contentHash":"c0cb6532a0410e147713324c12a67e5579cfe1ed8da08a309c91ddc2c42691a2"},"/Users/cmstead/Documents/projects/js-codeformer/modules/commands/convert-import-to-commonjs/convert-import-to-commonjs.js":{"path":"/Users/cmstead/Documents/projects/js-codeformer/modules/commands/convert-import-to-commonjs/convert-import-to-commonjs.js","statementMap":{"0":{"start":{"line":1,"column":44},"end":{"line":1,"column":84}},"1":{"start":{"line":2,"column":65},"end":{"line":2,"column":106}},"2":{"start":{"line":5,"column":30},"end":{"line":5,"column":75}},"3":{"start":{"line":7,"column":23},"end":{"line":9,"column":33}},"4":{"start":{"line":11,"column":24},"end":{"line":13,"column":31}},"5":{"start":{"line":15,"column":4},"end":{"line":19,"column":6}},"6":{"start":{"line":23,"column":4},"end":{"line":26,"column":22}},"7":{"start":{"line":29,"column":22},"end":{"line":29,"column":70}},"8":{"start":{"line":29,"column":32},"end":{"line":29,"column":70}},"9":{"start":{"line":32,"column":4},"end":{"line":33,"column":76}},"10":{"start":{"line":36,"column":0},"end":{"line":39,"column":2}}},"fnMap":{"0":{"name":"createSpecifierRecord","decl":{"start":{"line":4,"column":9},"end":{"line":4,"column":30}},"loc":{"start":{"line":4,"column":42},"end":{"line":20,"column":1}},"line":4},"1":{"name":"convertToRequire","decl":{"start":{"line":22,"column":9},"end":{"line":22,"column":25}},"loc":{"start":{"line":22,"column":38},"end":{"line":27,"column":1}},"line":22},"2":{"name":"(anonymous_2)","decl":{"start":{"line":29,"column":22},"end":{"line":29,"column":23}},"loc":{"start":{"line":29,"column":32},"end":{"line":29,"column":70}},"line":29},"3":{"name":"validateImportNode","decl":{"start":{"line":31,"column":9},"end":{"line":31,"column":27}},"loc":{"start":{"line":31,"column":40},"end":{"line":34,"column":1}},"line":31}},"branchMap":{"0":{"loc":{"start":{"line":7,"column":23},"end":{"line":9,"column":33}},"type":"cond-expr","locations":[{"start":{"line":8,"column":10},"end":{"line":8,"column":30}},{"start":{"line":9,"column":10},"end":{"line":9,"column":33}}],"line":7},"1":{"loc":{"start":{"line":11,"column":24},"end":{"line":13,"column":31}},"type":"cond-expr","locations":[{"start":{"line":12,"column":10},"end":{"line":12,"column":32}},{"start":{"line":13,"column":10},"end":{"line":13,"column":31}}],"line":11},"2":{"loc":{"start":{"line":32,"column":11},"end":{"line":33,"column":75}},"type":"binary-expr","locations":[{"start":{"line":32,"column":11},"end":{"line":32,"column":43}},{"start":{"line":33,"column":11},"end":{"line":33,"column":75}}],"line":32}},"s":{"0":1,"1":1,"2":3,"3":3,"4":3,"5":3,"6":2,"7":1,"8":1,"9":2,"10":1},"f":{"0":3,"1":2,"2":1,"3":2},"b":{"0":[1,2],"1":[1,2],"2":[2,1]},"_coverageSchema":"1a1c01bbd47fc00a2c39e90264f33305004495a9","hash":"145f043791d485f5bfdadf321ddd101c81d9d482","contentHash":"bfc83ff424e5d412652f81c95ddc5a31a3a427bfe746545e4ac2c07f829154b2"},"/Users/cmstead/Documents/projects/js-codeformer/modules/builders/RequireBuilder.js":{"path":"/Users/cmstead/Documents/projects/js-codeformer/modules/builders/RequireBuilder.js","statementMap":{"0":{"start":{"line":1,"column":21},"end":{"line":4,"column":1}},"1":{"start":{"line":8,"column":8},"end":{"line":8,"column":33}},"2":{"start":{"line":9,"column":8},"end":{"line":9,"column":31}},"3":{"start":{"line":10,"column":8},"end":{"line":10,"column":42}},"4":{"start":{"line":14,"column":8},"end":{"line":18,"column":28}},"5":{"start":{"line":15,"column":12},"end":{"line":17,"column":61}},"6":{"start":{"line":22,"column":31},"end":{"line":24,"column":40}},"7":{"start":{"line":26,"column":8},"end":{"line":26,"column":69}},"8":{"start":{"line":31,"column":4},"end":{"line":31,"column":53}},"9":{"start":{"line":34,"column":0},"end":{"line":37,"column":2}}},"fnMap":{"0":{"name":"(anonymous_0)","decl":{"start":{"line":7,"column":4},"end":{"line":7,"column":5}},"loc":{"start":{"line":7,"column":39},"end":{"line":11,"column":5}},"line":7},"1":{"name":"(anonymous_1)","decl":{"start":{"line":13,"column":4},"end":{"line":13,"column":5}},"loc":{"start":{"line":13,"column":17},"end":{"line":19,"column":5}},"line":13},"2":{"name":"(anonymous_2)","decl":{"start":{"line":14,"column":32},"end":{"line":14,"column":33}},"loc":{"start":{"line":15,"column":12},"end":{"line":17,"column":61}},"line":15},"3":{"name":"(anonymous_3)","decl":{"start":{"line":21,"column":4},"end":{"line":21,"column":5}},"loc":{"start":{"line":21,"column":19},"end":{"line":27,"column":5}},"line":21},"4":{"name":"getRequireBuilder","decl":{"start":{"line":30,"column":9},"end":{"line":30,"column":26}},"loc":{"start":{"line":30,"column":50},"end":{"line":32,"column":1}},"line":30}},"branchMap":{"0":{"loc":{"start":{"line":15,"column":12},"end":{"line":17,"column":61}},"type":"cond-expr","locations":[{"start":{"line":16,"column":18},"end":{"line":16,"column":34}},{"start":{"line":17,"column":18},"end":{"line":17,"column":61}}],"line":15},"1":{"loc":{"start":{"line":22,"column":31},"end":{"line":24,"column":40}},"type":"cond-expr","locations":[{"start":{"line":23,"column":14},"end":{"line":23,"column":34}},{"start":{"line":24,"column":14},"end":{"line":24,"column":40}}],"line":22}},"s":{"0":1,"1":2,"2":2,"3":2,"4":1,"5":2,"6":2,"7":2,"8":2,"9":1},"f":{"0":2,"1":1,"2":2,"3":2,"4":2},"b":{"0":[1,1],"1":[1,1]},"_coverageSchema":"1a1c01bbd47fc00a2c39e90264f33305004495a9","hash":"47f9503dc0685176a188b83ff10ecbd0641625ff","contentHash":"78219c2c7626bd0cfaed83b0d499bfb130ddf4d19a0b098a32ccbc7e5c9f669c"},"/Users/cmstead/Documents/projects/js-codeformer/modules/commands/convert-ternary-to-if-else/convert-ternary-to-if-else.js":{"path":"/Users/cmstead/Documents/projects/js-codeformer/modules/commands/convert-ternary-to-if-else/convert-ternary-to-if-else.js","statementMap":{"0":{"start":{"line":1,"column":28},"end":{"line":1,"column":63}},"1":{"start":{"line":2,"column":123},"end":{"line":2,"column":164}},"2":{"start":{"line":3,"column":23},"end":{"line":3,"column":65}},"3":{"start":{"line":4,"column":31},"end":{"line":4,"column":58}},"4":{"start":{"line":5,"column":31},"end":{"line":5,"column":64}},"5":{"start":{"line":8,"column":4},"end":{"line":8,"column":40}},"6":{"start":{"line":12,"column":4},"end":{"line":12,"column":43}},"7":{"start":{"line":16,"column":4},"end":{"line":16,"column":49}},"8":{"start":{"line":20,"column":27},"end":{"line":20,"column":61}},"9":{"start":{"line":22,"column":4},"end":{"line":22,"column":53}},"10":{"start":{"line":26,"column":4},"end":{"line":26,"column":28}},"11":{"start":{"line":28,"column":27},"end":{"line":32,"column":1}},"12":{"start":{"line":35,"column":25},"end":{"line":35,"column":71}},"13":{"start":{"line":36,"column":27},"end":{"line":36,"column":61}},"14":{"start":{"line":38,"column":4},"end":{"line":38,"column":74}},"15":{"start":{"line":42,"column":17},"end":{"line":42,"column":71}},"16":{"start":{"line":43,"column":23},"end":{"line":43,"column":83}},"17":{"start":{"line":44,"column":22},"end":{"line":44,"column":81}},"18":{"start":{"line":45,"column":27},"end":{"line":45,"column":50}},"19":{"start":{"line":47,"column":26},"end":{"line":47,"column":60}},"20":{"start":{"line":49,"column":27},"end":{"line":53,"column":16}},"21":{"start":{"line":55,"column":4},"end":{"line":57,"column":25}},"22":{"start":{"line":61,"column":4},"end":{"line":61,"column":57}},"23":{"start":{"line":65,"column":4},"end":{"line":65,"column":69}},"24":{"start":{"line":69,"column":4},"end":{"line":71,"column":50}},"25":{"start":{"line":70,"column":8},"end":{"line":71,"column":48}},"26":{"start":{"line":73,"column":31},"end":{"line":78,"column":1}},"27":{"start":{"line":81,"column":29},"end":{"line":81,"column":70}},"28":{"start":{"line":82,"column":4},"end":{"line":84,"column":53}},"29":{"start":{"line":88,"column":34},"end":{"line":88,"column":104}},"30":{"start":{"line":88,"column":64},"end":{"line":88,"column":103}},"31":{"start":{"line":89,"column":23},"end":{"line":89,"column":51}},"32":{"start":{"line":91,"column":4},"end":{"line":91,"column":63}},"33":{"start":{"line":94,"column":0},"end":{"line":99,"column":2}}},"fnMap":{"0":{"name":"addReturnPrefix","decl":{"start":{"line":7,"column":9},"end":{"line":7,"column":24}},"loc":{"start":{"line":7,"column":46},"end":{"line":9,"column":1}},"line":7},"1":{"name":"getDeclarator","decl":{"start":{"line":11,"column":9},"end":{"line":11,"column":22}},"loc":{"start":{"line":11,"column":40},"end":{"line":13,"column":1}},"line":11},"2":{"name":"getDeclaratorName","decl":{"start":{"line":15,"column":9},"end":{"line":15,"column":26}},"loc":{"start":{"line":15,"column":44},"end":{"line":17,"column":1}},"line":15},"3":{"name":"addVariableDeclarationPrefix","decl":{"start":{"line":19,"column":9},"end":{"line":19,"column":37}},"loc":{"start":{"line":19,"column":73},"end":{"line":23,"column":1}},"line":19},"4":{"name":"expressionIdentity","decl":{"start":{"line":25,"column":9},"end":{"line":25,"column":27}},"loc":{"start":{"line":25,"column":49},"end":{"line":27,"column":1}},"line":25},"5":{"name":"getDeclarationSetup","decl":{"start":{"line":34,"column":9},"end":{"line":34,"column":28}},"loc":{"start":{"line":34,"column":46},"end":{"line":39,"column":1}},"line":34},"6":{"name":"buildNewIfStatement","decl":{"start":{"line":41,"column":9},"end":{"line":41,"column":28}},"loc":{"start":{"line":41,"column":68},"end":{"line":58,"column":1}},"line":41},"7":{"name":"isReturnArgument","decl":{"start":{"line":60,"column":9},"end":{"line":60,"column":25}},"loc":{"start":{"line":60,"column":62},"end":{"line":62,"column":1}},"line":60},"8":{"name":"isVariableDeclaration","decl":{"start":{"line":64,"column":9},"end":{"line":64,"column":30}},"loc":{"start":{"line":64,"column":67},"end":{"line":66,"column":1}},"line":64},"9":{"name":"isProgramScoped","decl":{"start":{"line":68,"column":9},"end":{"line":68,"column":24}},"loc":{"start":{"line":68,"column":61},"end":{"line":72,"column":1}},"line":68},"10":{"name":"(anonymous_10)","decl":{"start":{"line":69,"column":37},"end":{"line":69,"column":38}},"loc":{"start":{"line":70,"column":8},"end":{"line":71,"column":48}},"line":70},"11":{"name":"testParentNode","decl":{"start":{"line":80,"column":9},"end":{"line":80,"column":23}},"loc":{"start":{"line":80,"column":49},"end":{"line":85,"column":1}},"line":80},"12":{"name":"pickParentNode","decl":{"start":{"line":87,"column":9},"end":{"line":87,"column":23}},"loc":{"start":{"line":87,"column":59},"end":{"line":92,"column":1}},"line":87},"13":{"name":"(anonymous_13)","decl":{"start":{"line":88,"column":56},"end":{"line":88,"column":57}},"loc":{"start":{"line":88,"column":64},"end":{"line":88,"column":103}},"line":88}},"branchMap":{"0":{"loc":{"start":{"line":35,"column":25},"end":{"line":35,"column":71}},"type":"cond-expr","locations":[{"start":{"line":35,"column":58},"end":{"line":35,"column":63}},{"start":{"line":35,"column":66},"end":{"line":35,"column":71}}],"line":35},"1":{"loc":{"start":{"line":55,"column":11},"end":{"line":57,"column":24}},"type":"cond-expr","locations":[{"start":{"line":56,"column":10},"end":{"line":56,"column":67}},{"start":{"line":57,"column":10},"end":{"line":57,"column":24}}],"line":55},"2":{"loc":{"start":{"line":70,"column":8},"end":{"line":71,"column":48}},"type":"binary-expr","locations":[{"start":{"line":70,"column":8},"end":{"line":70,"column":50}},{"start":{"line":71,"column":11},"end":{"line":71,"column":48}}],"line":70},"3":{"loc":{"start":{"line":82,"column":11},"end":{"line":84,"column":52}},"type":"binary-expr","locations":[{"start":{"line":82,"column":11},"end":{"line":82,"column":24}},{"start":{"line":83,"column":11},"end":{"line":83,"column":50}},{"start":{"line":84,"column":11},"end":{"line":84,"column":52}}],"line":82},"4":{"loc":{"start":{"line":91,"column":11},"end":{"line":91,"column":62}},"type":"cond-expr","locations":[{"start":{"line":91,"column":45},"end":{"line":91,"column":49}},{"start":{"line":91,"column":52},"end":{"line":91,"column":62}}],"line":91}},"s":{"0":1,"1":1,"2":1,"3":1,"4":1,"5":2,"6":3,"7":3,"8":2,"9":2,"10":2,"11":1,"12":1,"13":1,"14":1,"15":3,"16":3,"17":3,"18":3,"19":3,"20":3,"21":3,"22":0,"23":0,"24":0,"25":0,"26":1,"27":0,"28":0,"29":0,"30":0,"31":0,"32":0,"33":1},"f":{"0":2,"1":3,"2":3,"3":2,"4":2,"5":1,"6":3,"7":0,"8":0,"9":0,"10":0,"11":0,"12":0,"13":0},"b":{"0":[0,1],"1":[1,2],"2":[0,0],"3":[0,0,0],"4":[0,0]},"_coverageSchema":"1a1c01bbd47fc00a2c39e90264f33305004495a9","hash":"f7b2adbf0d3b512318a8d615ba4da8ee93defd9b","contentHash":"21c2b2222780625e0bb2976fa062026bea56f5f1abde4c85a721a845cb9fbd2c"},"/Users/cmstead/Documents/projects/js-codeformer/modules/builders/IfBuilder.js":{"path":"/Users/cmstead/Documents/projects/js-codeformer/modules/builders/IfBuilder.js","statementMap":{"0":{"start":{"line":7,"column":8},"end":{"line":7,"column":25}},"1":{"start":{"line":8,"column":8},"end":{"line":8,"column":37}},"2":{"start":{"line":9,"column":8},"end":{"line":9,"column":35}},"3":{"start":{"line":13,"column":8},"end":{"line":17,"column":9}},"4":{"start":{"line":14,"column":12},"end":{"line":16,"column":32}},"5":{"start":{"line":19,"column":8},"end":{"line":19,"column":18}},"6":{"start":{"line":23,"column":8},"end":{"line":25,"column":43}},"7":{"start":{"line":34,"column":4},"end":{"line":38,"column":7}},"8":{"start":{"line":41,"column":0},"end":{"line":44,"column":1}}},"fnMap":{"0":{"name":"(anonymous_0)","decl":{"start":{"line":2,"column":4},"end":{"line":2,"column":5}},"loc":{"start":{"line":6,"column":7},"end":{"line":10,"column":5}},"line":6},"1":{"name":"(anonymous_1)","decl":{"start":{"line":12,"column":4},"end":{"line":12,"column":5}},"loc":{"start":{"line":12,"column":16},"end":{"line":20,"column":5}},"line":12},"2":{"name":"(anonymous_2)","decl":{"start":{"line":22,"column":4},"end":{"line":22,"column":5}},"loc":{"start":{"line":22,"column":14},"end":{"line":26,"column":5}},"line":22},"3":{"name":"getNewIfBuilder","decl":{"start":{"line":29,"column":9},"end":{"line":29,"column":24}},"loc":{"start":{"line":33,"column":3},"end":{"line":39,"column":1}},"line":33}},"branchMap":{"0":{"loc":{"start":{"line":5,"column":8},"end":{"line":5,"column":24}},"type":"default-arg","locations":[{"start":{"line":5,"column":20},"end":{"line":5,"column":24}}],"line":5},"1":{"loc":{"start":{"line":13,"column":8},"end":{"line":17,"column":9}},"type":"if","locations":[{"start":{"line":13,"column":8},"end":{"line":17,"column":9}},{"start":{"line":13,"column":8},"end":{"line":17,"column":9}}],"line":13}},"s":{"0":4,"1":4,"2":4,"3":4,"4":4,"5":0,"6":4,"7":4,"8":1},"f":{"0":4,"1":4,"2":4,"3":4},"b":{"0":[0],"1":[4,0]},"_coverageSchema":"1a1c01bbd47fc00a2c39e90264f33305004495a9","hash":"fa7306b67e144a16d6ff13ca9d3c8ef8475147de","contentHash":"7c87d059cb2f11169c2a957db749dd0cdaedf009f8168a00874fac6fa1d2e56c"},"/Users/cmstead/Documents/projects/js-codeformer/modules/commands/convert-to-arrow-function/convert-to-arrow-function.js":{"path":"/Users/cmstead/Documents/projects/js-codeformer/modules/commands/convert-to-arrow-function/convert-to-arrow-function.js","statementMap":{"0":{"start":{"line":1,"column":100},"end":{"line":1,"column":141}},"1":{"start":{"line":2,"column":43},"end":{"line":2,"column":94}},"2":{"start":{"line":4,"column":26},"end":{"line":9,"column":1}},"3":{"start":{"line":12,"column":4},"end":{"line":16,"column":7}},"4":{"start":{"line":19,"column":0},"end":{"line":22,"column":2}}},"fnMap":{"0":{"name":"getNewFunctionString","decl":{"start":{"line":11,"column":9},"end":{"line":11,"column":29}},"loc":{"start":{"line":11,"column":56},"end":{"line":17,"column":1}},"line":11}},"branchMap":{},"s":{"0":1,"1":1,"2":1,"3":5,"4":1},"f":{"0":5},"b":{},"_coverageSchema":"1a1c01bbd47fc00a2c39e90264f33305004495a9","hash":"0b0a617338d7cbd3fb1f05fcc7ea0616d9d64673","contentHash":"2883681d3df3e920d852d753cda10c931f3febdf5f5d7705f6140ddf9626785d"},"/Users/cmstead/Documents/projects/js-codeformer/modules/function-expression-string-service.js":{"path":"/Users/cmstead/Documents/projects/js-codeformer/modules/function-expression-string-service.js","statementMap":{"0":{"start":{"line":1,"column":29},"end":{"line":1,"column":64}},"1":{"start":{"line":2,"column":49},"end":{"line":2,"column":86}},"2":{"start":{"line":3,"column":52},"end":{"line":3,"column":89}},"3":{"start":{"line":4,"column":24},"end":{"line":4,"column":47}},"4":{"start":{"line":5,"column":74},"end":{"line":5,"column":117}},"5":{"start":{"line":13,"column":21},"end":{"line":13,"column":46}},"6":{"start":{"line":15,"column":25},"end":{"line":15,"column":54}},"7":{"start":{"line":16,"column":31},"end":{"line":16,"column":84}},"8":{"start":{"line":17,"column":25},"end":{"line":17,"column":68}},"9":{"start":{"line":19,"column":27},"end":{"line":26,"column":25}},"10":{"start":{"line":28,"column":4},"end":{"line":41,"column":5}},"11":{"start":{"line":29,"column":29},"end":{"line":31,"column":33}},"12":{"start":{"line":33,"column":8},"end":{"line":38,"column":39}},"13":{"start":{"line":40,"column":8},"end":{"line":40,"column":30}},"14":{"start":{"line":44,"column":0},"end":{"line":46,"column":2}}},"fnMap":{"0":{"name":"getNewFunctionExpressionString","decl":{"start":{"line":7,"column":9},"end":{"line":7,"column":39}},"loc":{"start":{"line":12,"column":3},"end":{"line":42,"column":1}},"line":12}},"branchMap":{"0":{"loc":{"start":{"line":11,"column":4},"end":{"line":11,"column":39}},"type":"default-arg","locations":[{"start":{"line":11,"column":24},"end":{"line":11,"column":39}}],"line":11},"1":{"loc":{"start":{"line":28,"column":4},"end":{"line":41,"column":5}},"type":"if","locations":[{"start":{"line":28,"column":4},"end":{"line":41,"column":5}},{"start":{"line":28,"column":4},"end":{"line":41,"column":5}}],"line":28},"2":{"loc":{"start":{"line":28,"column":8},"end":{"line":28,"column":75}},"type":"binary-expr","locations":[{"start":{"line":28,"column":8},"end":{"line":28,"column":38}},{"start":{"line":28,"column":42},"end":{"line":28,"column":75}}],"line":28},"3":{"loc":{"start":{"line":29,"column":29},"end":{"line":31,"column":33}},"type":"cond-expr","locations":[{"start":{"line":30,"column":14},"end":{"line":30,"column":36}},{"start":{"line":31,"column":14},"end":{"line":31,"column":33}}],"line":29}},"s":{"0":1,"1":1,"2":1,"3":1,"4":1,"5":10,"6":10,"7":10,"8":10,"9":10,"10":10,"11":6,"12":6,"13":4,"14":1},"f":{"0":10},"b":{"0":[5],"1":[6,4],"2":[10,6],"3":[4,2]},"_coverageSchema":"1a1c01bbd47fc00a2c39e90264f33305004495a9","hash":"5977b80297977479cb889057bc3fe68c7b9eecc4","contentHash":"4bcc9193bf78732a0f4645ca5772f041c43e053741e7d2fd00d6333e459bd0e5"},"/Users/cmstead/Documents/projects/js-codeformer/modules/builders/MethodBuilder.js":{"path":"/Users/cmstead/Documents/projects/js-codeformer/modules/builders/MethodBuilder.js","statementMap":{"0":{"start":{"line":9,"column":4},"end":{"line":9,"column":42}},"1":{"start":{"line":10,"column":31},"end":{"line":10,"column":55}},"2":{"start":{"line":11,"column":18},"end":{"line":11,"column":45}},"3":{"start":{"line":12,"column":31},"end":{"line":12,"column":61}},"4":{"start":{"line":14,"column":20},"end":{"line":20,"column":1}},"5":{"start":{"line":22,"column":32},"end":{"line":25,"column":1}},"6":{"start":{"line":36,"column":8},"end":{"line":36,"column":41}},"7":{"start":{"line":37,"column":8},"end":{"line":37,"column":41}},"8":{"start":{"line":38,"column":8},"end":{"line":38,"column":53}},"9":{"start":{"line":39,"column":8},"end":{"line":39,"column":41}},"10":{"start":{"line":40,"column":8},"end":{"line":40,"column":49}},"11":{"start":{"line":41,"column":8},"end":{"line":41,"column":51}},"12":{"start":{"line":45,"column":8},"end":{"line":49,"column":21}},"13":{"start":{"line":53,"column":8},"end":{"line":57,"column":21}},"14":{"start":{"line":61,"column":8},"end":{"line":65,"column":21}},"15":{"start":{"line":69,"column":8},"end":{"line":73,"column":21}},"16":{"start":{"line":77,"column":25},"end":{"line":77,"column":41}},"17":{"start":{"line":79,"column":8},"end":{"line":80,"column":58}},"18":{"start":{"line":84,"column":8},"end":{"line":84,"column":42}},"19":{"start":{"line":88,"column":8},"end":{"line":88,"column":38}},"20":{"start":{"line":92,"column":25},"end":{"line":92,"column":50}},"21":{"start":{"line":93,"column":33},"end":{"line":93,"column":45}},"22":{"start":{"line":94,"column":28},"end":{"line":94,"column":83}},"23":{"start":{"line":95,"column":8},"end":{"line":97,"column":26}},"24":{"start":{"line":101,"column":8},"end":{"line":105,"column":32}},"25":{"start":{"line":109,"column":35},"end":{"line":110,"column":66}},"26":{"start":{"line":110,"column":28},"end":{"line":110,"column":65}},"27":{"start":{"line":111,"column":33},"end":{"line":111,"column":91}},"28":{"start":{"line":113,"column":8},"end":{"line":123,"column":9}},"29":{"start":{"line":118,"column":12},"end":{"line":118,"column":123}},"30":{"start":{"line":120,"column":12},"end":{"line":122,"column":15}},"31":{"start":{"line":127,"column":8},"end":{"line":137,"column":9}},"32":{"start":{"line":128,"column":12},"end":{"line":128,"column":50}},"33":{"start":{"line":129,"column":15},"end":{"line":137,"column":9}},"34":{"start":{"line":130,"column":12},"end":{"line":130,"column":43}},"35":{"start":{"line":131,"column":15},"end":{"line":137,"column":9}},"36":{"start":{"line":132,"column":12},"end":{"line":132,"column":44}},"37":{"start":{"line":133,"column":15},"end":{"line":137,"column":9}},"38":{"start":{"line":134,"column":12},"end":{"line":134,"column":45}},"39":{"start":{"line":136,"column":12},"end":{"line":136,"column":50}},"40":{"start":{"line":149,"column":4},"end":{"line":156,"column":7}},"41":{"start":{"line":159,"column":0},"end":{"line":164,"column":1}}},"fnMap":{"0":{"name":"(anonymous_0)","decl":{"start":{"line":28,"column":4},"end":{"line":28,"column":5}},"loc":{"start":{"line":35,"column":7},"end":{"line":42,"column":5}},"line":35},"1":{"name":"(anonymous_1)","decl":{"start":{"line":44,"column":4},"end":{"line":44,"column":5}},"loc":{"start":{"line":44,"column":31},"end":{"line":50,"column":5}},"line":44},"2":{"name":"(anonymous_2)","decl":{"start":{"line":52,"column":4},"end":{"line":52,"column":5}},"loc":{"start":{"line":52,"column":30},"end":{"line":58,"column":5}},"line":52},"3":{"name":"(anonymous_3)","decl":{"start":{"line":60,"column":4},"end":{"line":60,"column":5}},"loc":{"start":{"line":60,"column":23},"end":{"line":66,"column":5}},"line":60},"4":{"name":"(anonymous_4)","decl":{"start":{"line":68,"column":4},"end":{"line":68,"column":5}},"loc":{"start":{"line":68,"column":24},"end":{"line":74,"column":5}},"line":68},"5":{"name":"(anonymous_5)","decl":{"start":{"line":76,"column":4},"end":{"line":76,"column":5}},"loc":{"start":{"line":76,"column":33},"end":{"line":81,"column":5}},"line":76},"6":{"name":"(anonymous_6)","decl":{"start":{"line":83,"column":4},"end":{"line":83,"column":5}},"loc":{"start":{"line":83,"column":29},"end":{"line":85,"column":5}},"line":83},"7":{"name":"(anonymous_7)","decl":{"start":{"line":87,"column":4},"end":{"line":87,"column":5}},"loc":{"start":{"line":87,"column":28},"end":{"line":89,"column":5}},"line":87},"8":{"name":"(anonymous_8)","decl":{"start":{"line":91,"column":4},"end":{"line":91,"column":5}},"loc":{"start":{"line":91,"column":38},"end":{"line":98,"column":5}},"line":91},"9":{"name":"(anonymous_9)","decl":{"start":{"line":100,"column":4},"end":{"line":100,"column":5}},"loc":{"start":{"line":100,"column":55},"end":{"line":106,"column":5}},"line":100},"10":{"name":"(anonymous_10)","decl":{"start":{"line":108,"column":4},"end":{"line":108,"column":5}},"loc":{"start":{"line":108,"column":80},"end":{"line":124,"column":5}},"line":108},"11":{"name":"(anonymous_11)","decl":{"start":{"line":110,"column":20},"end":{"line":110,"column":21}},"loc":{"start":{"line":110,"column":28},"end":{"line":110,"column":65}},"line":110},"12":{"name":"(anonymous_12)","decl":{"start":{"line":126,"column":4},"end":{"line":126,"column":5}},"loc":{"start":{"line":126,"column":21},"end":{"line":138,"column":5}},"line":126},"13":{"name":"getMethodBuilder","decl":{"start":{"line":141,"column":9},"end":{"line":141,"column":25}},"loc":{"start":{"line":148,"column":3},"end":{"line":157,"column":1}},"line":148}},"branchMap":{"0":{"loc":{"start":{"line":29,"column":8},"end":{"line":29,"column":25}},"type":"default-arg","locations":[{"start":{"line":29,"column":23},"end":{"line":29,"column":25}}],"line":29},"1":{"loc":{"start":{"line":30,"column":8},"end":{"line":30,"column":34}},"type":"default-arg","locations":[{"start":{"line":30,"column":23},"end":{"line":30,"column":34}}],"line":30},"2":{"loc":{"start":{"line":31,"column":8},"end":{"line":31,"column":31}},"type":"default-arg","locations":[{"start":{"line":31,"column":29},"end":{"line":31,"column":31}}],"line":31},"3":{"loc":{"start":{"line":32,"column":8},"end":{"line":32,"column":43}},"type":"default-arg","locations":[{"start":{"line":32,"column":23},"end":{"line":32,"column":43}}],"line":32},"4":{"loc":{"start":{"line":33,"column":8},"end":{"line":33,"column":21}},"type":"default-arg","locations":[{"start":{"line":33,"column":16},"end":{"line":33,"column":21}}],"line":33},"5":{"loc":{"start":{"line":34,"column":8},"end":{"line":34,"column":25}},"type":"default-arg","locations":[{"start":{"line":34,"column":20},"end":{"line":34,"column":25}}],"line":34},"6":{"loc":{"start":{"line":40,"column":27},"end":{"line":40,"column":48}},"type":"cond-expr","locations":[{"start":{"line":40,"column":35},"end":{"line":40,"column":43}},{"start":{"line":40,"column":46},"end":{"line":40,"column":48}}],"line":40},"7":{"loc":{"start":{"line":41,"column":30},"end":{"line":41,"column":50}},"type":"cond-expr","locations":[{"start":{"line":41,"column":42},"end":{"line":41,"column":45}},{"start":{"line":41,"column":48},"end":{"line":41,"column":50}}],"line":41},"8":{"loc":{"start":{"line":79,"column":15},"end":{"line":80,"column":57}},"type":"binary-expr","locations":[{"start":{"line":79,"column":15},"end":{"line":79,"column":46}},{"start":{"line":80,"column":15},"end":{"line":80,"column":57}}],"line":79},"9":{"loc":{"start":{"line":95,"column":15},"end":{"line":97,"column":25}},"type":"cond-expr","locations":[{"start":{"line":96,"column":14},"end":{"line":96,"column":32}},{"start":{"line":97,"column":14},"end":{"line":97,"column":25}}],"line":95},"10":{"loc":{"start":{"line":101,"column":15},"end":{"line":105,"column":31}},"type":"cond-expr","locations":[{"start":{"line":104,"column":14},"end":{"line":104,"column":43}},{"start":{"line":105,"column":14},"end":{"line":105,"column":31}}],"line":101},"11":{"loc":{"start":{"line":101,"column":15},"end":{"line":103,"column":31}},"type":"binary-expr","locations":[{"start":{"line":101,"column":15},"end":{"line":101,"column":43}},{"start":{"line":102,"column":15},"end":{"line":102,"column":49}},{"start":{"line":103,"column":15},"end":{"line":103,"column":31}}],"line":101},"12":{"loc":{"start":{"line":108,"column":23},"end":{"line":108,"column":78}},"type":"default-arg","locations":[{"start":{"line":108,"column":43},"end":{"line":108,"column":78}}],"line":108},"13":{"loc":{"start":{"line":113,"column":8},"end":{"line":123,"column":9}},"type":"if","locations":[{"start":{"line":113,"column":8},"end":{"line":123,"column":9}},{"start":{"line":113,"column":8},"end":{"line":123,"column":9}}],"line":113},"14":{"loc":{"start":{"line":113,"column":12},"end":{"line":116,"column":32}},"type":"binary-expr","locations":[{"start":{"line":113,"column":12},"end":{"line":113,"column":49}},{"start":{"line":114,"column":15},"end":{"line":114,"column":49}},{"start":{"line":115,"column":15},"end":{"line":115,"column":57}},{"start":{"line":116,"column":15},"end":{"line":116,"column":32}}],"line":113},"15":{"loc":{"start":{"line":127,"column":8},"end":{"line":137,"column":9}},"type":"if","locations":[{"start":{"line":127,"column":8},"end":{"line":137,"column":9}},{"start":{"line":127,"column":8},"end":{"line":137,"column":9}}],"line":127},"16":{"loc":{"start":{"line":129,"column":15},"end":{"line":137,"column":9}},"type":"if","locations":[{"start":{"line":129,"column":15},"end":{"line":137,"column":9}},{"start":{"line":129,"column":15},"end":{"line":137,"column":9}}],"line":129},"17":{"loc":{"start":{"line":131,"column":15},"end":{"line":137,"column":9}},"type":"if","locations":[{"start":{"line":131,"column":15},"end":{"line":137,"column":9}},{"start":{"line":131,"column":15},"end":{"line":137,"column":9}}],"line":131},"18":{"loc":{"start":{"line":133,"column":15},"end":{"line":137,"column":9}},"type":"if","locations":[{"start":{"line":133,"column":15},"end":{"line":137,"column":9}},{"start":{"line":133,"column":15},"end":{"line":137,"column":9}}],"line":133}},"s":{"0":1,"1":1,"2":1,"3":1,"4":1,"5":1,"6":41,"7":41,"8":41,"9":41,"10":41,"11":41,"12":13,"13":6,"14":5,"15":5,"16":18,"17":18,"18":10,"19":22,"20":2,"21":2,"22":2,"23":2,"24":10,"25":12,"26":15,"27":12,"28":12,"29":2,"30":10,"31":39,"32":6,"33":33,"34":5,"35":28,"36":5,"37":23,"38":10,"39":13,"40":26,"41":1},"f":{"0":41,"1":13,"2":6,"3":5,"4":5,"5":18,"6":10,"7":22,"8":2,"9":10,"10":12,"11":15,"12":39,"13":26},"b":{"0":[1],"1":[21],"2":[1],"3":[2],"4":[25],"5":[24],"6":[0,41],"7":[1,40],"8":[18,18],"9":[1,1],"10":[1,9],"11":[10,8,7],"12":[10],"13":[2,10],"14":[12,10,10,3],"15":[6,33],"16":[5,28],"17":[5,23],"18":[10,13]},"_coverageSchema":"1a1c01bbd47fc00a2c39e90264f33305004495a9","hash":"a9e33ca9c5464a3046ddaeefdb56a2e208af91ab","contentHash":"6d7559e42b9d0bde80067b6594906745c086aa8ee3974aab358c608f882c3493"},"/Users/cmstead/Documents/projects/js-codeformer/modules/function-utils/function-source.js":{"path":"/Users/cmstead/Documents/projects/js-codeformer/modules/function-utils/function-source.js","statementMap":{"0":{"start":{"line":1,"column":38},"end":{"line":1,"column":76}},"1":{"start":{"line":2,"column":23},"end":{"line":2,"column":62}},"2":{"start":{"line":3,"column":37},"end":{"line":3,"column":61}},"3":{"start":{"line":4,"column":31},"end":{"line":4,"column":61}},"4":{"start":{"line":8,"column":26},"end":{"line":8,"column":57}},"5":{"start":{"line":9,"column":24},"end":{"line":9,"column":52}},"6":{"start":{"line":11,"column":4},"end":{"line":14,"column":5}},"7":{"start":{"line":18,"column":33},"end":{"line":18,"column":74}},"8":{"start":{"line":19,"column":27},"end":{"line":21,"column":29}},"9":{"start":{"line":23,"column":4},"end":{"line":29,"column":5}},"10":{"start":{"line":24,"column":35},"end":{"line":24,"column":72}},"11":{"start":{"line":26,"column":8},"end":{"line":26,"column":66}},"12":{"start":{"line":28,"column":8},"end":{"line":28,"column":18}},"13":{"start":{"line":33,"column":4},"end":{"line":35,"column":27}},"14":{"start":{"line":39,"column":26},"end":{"line":39,"column":54}},"15":{"start":{"line":40,"column":25},"end":{"line":40,"column":52}},"16":{"start":{"line":42,"column":4},"end":{"line":45,"column":6}},"17":{"start":{"line":49,"column":4},"end":{"line":58,"column":6}},"18":{"start":{"line":62,"column":25},"end":{"line":62,"column":57}},"19":{"start":{"line":63,"column":32},"end":{"line":63,"column":76}},"20":{"start":{"line":65,"column":4},"end":{"line":71,"column":5}},"21":{"start":{"line":66,"column":8},"end":{"line":66,"column":61}},"22":{"start":{"line":67,"column":11},"end":{"line":71,"column":5}},"23":{"start":{"line":68,"column":8},"end":{"line":68,"column":58}},"24":{"start":{"line":70,"column":8},"end":{"line":70,"column":32}},"25":{"start":{"line":75,"column":25},"end":{"line":75,"column":66}},"26":{"start":{"line":76,"column":25},"end":{"line":76,"column":54}},"27":{"start":{"line":78,"column":4},"end":{"line":78,"column":56}},"28":{"start":{"line":82,"column":4},"end":{"line":88,"column":5}},"29":{"start":{"line":83,"column":8},"end":{"line":83,"column":36}},"30":{"start":{"line":84,"column":11},"end":{"line":88,"column":5}},"31":{"start":{"line":85,"column":8},"end":{"line":85,"column":37}},"32":{"start":{"line":87,"column":8},"end":{"line":87,"column":18}},"33":{"start":{"line":91,"column":0},"end":{"line":95,"column":2}}},"fnMap":{"0":{"name":"getParametersLocation","decl":{"start":{"line":7,"column":9},"end":{"line":7,"column":30}},"loc":{"start":{"line":7,"column":47},"end":{"line":15,"column":1}},"line":7},"1":{"name":"getFunctionParametersString","decl":{"start":{"line":17,"column":9},"end":{"line":17,"column":36}},"loc":{"start":{"line":17,"column":63},"end":{"line":30,"column":1}},"line":17},"2":{"name":"getBodyNodeFromFunctionNode","decl":{"start":{"line":32,"column":9},"end":{"line":32,"column":36}},"loc":{"start":{"line":32,"column":51},"end":{"line":36,"column":1}},"line":32},"3":{"name":"buildLocationFromBodyNodes","decl":{"start":{"line":38,"column":9},"end":{"line":38,"column":35}},"loc":{"start":{"line":38,"column":55},"end":{"line":46,"column":1}},"line":38},"4":{"name":"getBodyLocationFromEmptyBody","decl":{"start":{"line":48,"column":9},"end":{"line":48,"column":37}},"loc":{"start":{"line":48,"column":52},"end":{"line":59,"column":1}},"line":48},"5":{"name":"getBodyLocation","decl":{"start":{"line":61,"column":9},"end":{"line":61,"column":24}},"loc":{"start":{"line":61,"column":39},"end":{"line":72,"column":1}},"line":61},"6":{"name":"getFunctionBody","decl":{"start":{"line":74,"column":9},"end":{"line":74,"column":24}},"loc":{"start":{"line":74,"column":51},"end":{"line":79,"column":1}},"line":74},"7":{"name":"getFunctionName","decl":{"start":{"line":81,"column":9},"end":{"line":81,"column":24}},"loc":{"start":{"line":81,"column":39},"end":{"line":89,"column":1}},"line":81}},"branchMap":{"0":{"loc":{"start":{"line":19,"column":27},"end":{"line":21,"column":29}},"type":"cond-expr","locations":[{"start":{"line":20,"column":10},"end":{"line":20,"column":35}},{"start":{"line":21,"column":10},"end":{"line":21,"column":29}}],"line":19},"1":{"loc":{"start":{"line":23,"column":4},"end":{"line":29,"column":5}},"type":"if","locations":[{"start":{"line":23,"column":4},"end":{"line":29,"column":5}},{"start":{"line":23,"column":4},"end":{"line":29,"column":5}}],"line":23},"2":{"loc":{"start":{"line":33,"column":11},"end":{"line":35,"column":27}},"type":"cond-expr","locations":[{"start":{"line":34,"column":10},"end":{"line":34,"column":33}},{"start":{"line":35,"column":10},"end":{"line":35,"column":27}}],"line":33},"3":{"loc":{"start":{"line":63,"column":32},"end":{"line":63,"column":76}},"type":"binary-expr","locations":[{"start":{"line":63,"column":32},"end":{"line":63,"column":44}},{"start":{"line":63,"column":48},"end":{"line":63,"column":76}}],"line":63},"4":{"loc":{"start":{"line":65,"column":4},"end":{"line":71,"column":5}},"type":"if","locations":[{"start":{"line":65,"column":4},"end":{"line":71,"column":5}},{"start":{"line":65,"column":4},"end":{"line":71,"column":5}}],"line":65},"5":{"loc":{"start":{"line":67,"column":11},"end":{"line":71,"column":5}},"type":"if","locations":[{"start":{"line":67,"column":11},"end":{"line":71,"column":5}},{"start":{"line":67,"column":11},"end":{"line":71,"column":5}}],"line":67},"6":{"loc":{"start":{"line":82,"column":4},"end":{"line":88,"column":5}},"type":"if","locations":[{"start":{"line":82,"column":4},"end":{"line":88,"column":5}},{"start":{"line":82,"column":4},"end":{"line":88,"column":5}}],"line":82},"7":{"loc":{"start":{"line":84,"column":11},"end":{"line":88,"column":5}},"type":"if","locations":[{"start":{"line":84,"column":11},"end":{"line":88,"column":5}},{"start":{"line":84,"column":11},"end":{"line":88,"column":5}}],"line":84}},"s":{"0":1,"1":1,"2":1,"3":1,"4":5,"5":5,"6":5,"7":27,"8":27,"9":27,"10":5,"11":5,"12":22,"13":25,"14":21,"15":21,"16":21,"17":0,"18":25,"19":25,"20":25,"21":21,"22":4,"23":0,"24":4,"25":25,"26":25,"27":25,"28":14,"29":4,"30":10,"31":5,"32":5,"33":1},"f":{"0":5,"1":27,"2":25,"3":21,"4":0,"5":25,"6":25,"7":14},"b":{"0":[5,22],"1":[5,22],"2":[5,20],"3":[25,21],"4":[21,4],"5":[0,4],"6":[4,10],"7":[5,5]},"_coverageSchema":"1a1c01bbd47fc00a2c39e90264f33305004495a9","hash":"baebec4ed472124518ab6dcba787b25e840c3559","contentHash":"0a6fb6d08fc3949d41fc5ccf50a80a0e23ea5dff88ce9df7507ac65df59ab678"},"/Users/cmstead/Documents/projects/js-codeformer/modules/function-utils/function-node.js":{"path":"/Users/cmstead/Documents/projects/js-codeformer/modules/function-utils/function-node.js","statementMap":{"0":{"start":{"line":1,"column":24},"end":{"line":1,"column":48}},"1":{"start":{"line":2,"column":36},"end":{"line":2,"column":76}},"2":{"start":{"line":5,"column":4},"end":{"line":6,"column":55}},"3":{"start":{"line":6,"column":8},"end":{"line":6,"column":53}},"4":{"start":{"line":9,"column":0},"end":{"line":11,"column":2}}},"fnMap":{"0":{"name":"findFunctionNode","decl":{"start":{"line":4,"column":9},"end":{"line":4,"column":25}},"loc":{"start":{"line":4,"column":55},"end":{"line":7,"column":1}},"line":4},"1":{"name":"(anonymous_1)","decl":{"start":{"line":5,"column":45},"end":{"line":5,"column":46}},"loc":{"start":{"line":6,"column":8},"end":{"line":6,"column":53}},"line":6}},"branchMap":{},"s":{"0":1,"1":1,"2":6,"3":26,"4":1},"f":{"0":6,"1":26},"b":{},"_coverageSchema":"1a1c01bbd47fc00a2c39e90264f33305004495a9","hash":"594b4572d4ff453a61d023547a44d91aa35574b0","contentHash":"ad58b0fbb10bd93784d9543cafcc53eeb8703b6d3de9fda414fa936dee19cca3"},"/Users/cmstead/Documents/projects/js-codeformer/modules/commands/convert-to-function-declaration/convert-to-function-declaration.js":{"path":"/Users/cmstead/Documents/projects/js-codeformer/modules/commands/convert-to-function-declaration/convert-to-function-declaration.js","statementMap":{"0":{"start":{"line":1,"column":130},"end":{"line":1,"column":171}},"1":{"start":{"line":2,"column":27},"end":{"line":2,"column":70}},"2":{"start":{"line":3,"column":31},"end":{"line":3,"column":58}},"3":{"start":{"line":4,"column":29},"end":{"line":4,"column":68}},"4":{"start":{"line":5,"column":57},"end":{"line":5,"column":104}},"5":{"start":{"line":7,"column":26},"end":{"line":11,"column":1}},"6":{"start":{"line":14,"column":4},"end":{"line":14,"column":58}},"7":{"start":{"line":18,"column":31},"end":{"line":18,"column":70}},"8":{"start":{"line":19,"column":24},"end":{"line":19,"column":63}},"9":{"start":{"line":20,"column":21},"end":{"line":20,"column":85}},"10":{"start":{"line":22,"column":4},"end":{"line":23,"column":47}},"11":{"start":{"line":27,"column":4},"end":{"line":28,"column":61}},"12":{"start":{"line":32,"column":25},"end":{"line":32,"column":66}},"13":{"start":{"line":34,"column":4},"end":{"line":36,"column":23}},"14":{"start":{"line":41,"column":25},"end":{"line":41,"column":45}},"15":{"start":{"line":42,"column":25},"end":{"line":42,"column":64}},"16":{"start":{"line":43,"column":31},"end":{"line":43,"column":80}},"17":{"start":{"line":45,"column":4},"end":{"line":53,"column":26}},"18":{"start":{"line":56,"column":0},"end":{"line":60,"column":2}}},"fnMap":{"0":{"name":"findVariableDeclaration","decl":{"start":{"line":13,"column":9},"end":{"line":13,"column":32}},"loc":{"start":{"line":13,"column":43},"end":{"line":15,"column":1}},"line":13},"1":{"name":"isValidVariableDeclaration","decl":{"start":{"line":17,"column":9},"end":{"line":17,"column":35}},"loc":{"start":{"line":17,"column":57},"end":{"line":24,"column":1}},"line":17},"2":{"name":"isSingleLineArrowFunction","decl":{"start":{"line":26,"column":9},"end":{"line":26,"column":34}},"loc":{"start":{"line":26,"column":49},"end":{"line":29,"column":1}},"line":26},"3":{"name":"buildFunctionBody","decl":{"start":{"line":31,"column":9},"end":{"line":31,"column":26}},"loc":{"start":{"line":31,"column":53},"end":{"line":38,"column":1}},"line":31},"4":{"name":"buildFunctionString","decl":{"start":{"line":40,"column":9},"end":{"line":40,"column":28}},"loc":{"start":{"line":40,"column":65},"end":{"line":54,"column":1}},"line":40}},"branchMap":{"0":{"loc":{"start":{"line":20,"column":21},"end":{"line":20,"column":85}},"type":"cond-expr","locations":[{"start":{"line":20,"column":49},"end":{"line":20,"column":78}},{"start":{"line":20,"column":81},"end":{"line":20,"column":85}}],"line":20},"1":{"loc":{"start":{"line":22,"column":11},"end":{"line":23,"column":47}},"type":"binary-expr","locations":[{"start":{"line":22,"column":11},"end":{"line":22,"column":35}},{"start":{"line":23,"column":11},"end":{"line":23,"column":47}}],"line":22},"2":{"loc":{"start":{"line":27,"column":11},"end":{"line":28,"column":61}},"type":"binary-expr","locations":[{"start":{"line":27,"column":11},"end":{"line":27,"column":66}},{"start":{"line":28,"column":11},"end":{"line":28,"column":61}}],"line":27},"3":{"loc":{"start":{"line":34,"column":11},"end":{"line":36,"column":22}},"type":"cond-exp
[...]
0,"46":10,"47":10,"48":0,"49":2,"50":2,"51":2,"52":0,"53":0,"54":0,"55":0,"56":0,"57":0,"58":0,"59":0,"60":0,"61":0,"62":0,"63":1},"f":{"0":2,"1":2,"2":9,"3":0,"4":10,"5":9,"6":10,"7":10,"8":2,"9":2,"10":0},"b":{"0":[2,9],"1":[2],"2":[2,0],"3":[0,2],"4":[2,1],"5":[0,0,0],"6":[0,0],"7":[0,2],"8":[10,1],"9":[10,10,5,4,3,2,1,1],"10":[9,3],"11":[4,6],"12":[10,9],"13":[10,0],"14":[2,1],"15":[0,2],"16":[0,0],"17":[0,0],"18":[0,0],"19":[0,0],"20":[0,0]},"_coverageSchema":"1a1c01bbd47fc00a2c39e90264f33305004495a9","hash":"2768f23c5d9e5b79462cddf89586345ff23bf92a","contentHash":"ab0abb24aa5cf046b794dae2c63d73526d62a8552f7ca93b46a36db25e8dc362"},"/Users/cmstead/Documents/projects/js-codeformer/modules/commands/rename/rename-method-replacement-locations.js":{"path":"/Users/cmstead/Documents/projects/js-codeformer/modules/commands/rename/rename-method-replacement-locations.js","statementMap":{"0":{"start":{"line":1,"column":26},"end":{"line":1,"column":47}},"1":{"start":{"line":2,"column":21},"end":{"line":2,"column":49}},"2":{"start":{"line":3,"column":148},"end":{"line":3,"column":189}},"3":{"start":{"line":4,"column":24},"end":{"line":4,"column":51}},"4":{"start":{"line":7,"column":4},"end":{"line":9,"column":38}},"5":{"start":{"line":13,"column":21},"end":{"line":13,"column":38}},"6":{"start":{"line":15,"column":4},"end":{"line":17,"column":44}},"7":{"start":{"line":21,"column":4},"end":{"line":26,"column":62}},"8":{"start":{"line":30,"column":25},"end":{"line":30,"column":60}},"9":{"start":{"line":31,"column":28},"end":{"line":31,"column":30}},"10":{"start":{"line":33,"column":4},"end":{"line":55,"column":7}},"11":{"start":{"line":35,"column":12},"end":{"line":42,"column":13}},"12":{"start":{"line":36,"column":36},"end":{"line":36,"column":54}},"13":{"start":{"line":37,"column":38},"end":{"line":37,"column":97}},"14":{"start":{"line":39,"column":16},"end":{"line":39,"column":76}},"15":{"start":{"line":41,"column":16},"end":{"line":41,"column":42}},"16":{"start":{"line":44,"column":12},"end":{"line":46,"column":13}},"17":{"start":{"line":45,"column":16},"end":{"line":45,"column":42}},"18":{"start":{"line":48,"column":12},"end":{"line":53,"column":13}},"19":{"start":{"line":52,"column":16},"end":{"line":52,"column":49}},"20":{"start":{"line":57,"column":4},"end":{"line":57,"column":29}},"21":{"start":{"line":60,"column":0},"end":{"line":62,"column":1}}},"fnMap":{"0":{"name":"getVariableName","decl":{"start":{"line":6,"column":9},"end":{"line":6,"column":24}},"loc":{"start":{"line":6,"column":45},"end":{"line":10,"column":1}},"line":6},"1":{"name":"doNotDescend","decl":{"start":{"line":12,"column":9},"end":{"line":12,"column":21}},"loc":{"start":{"line":12,"column":36},"end":{"line":18,"column":1}},"line":12},"2":{"name":"isBoundFunction","decl":{"start":{"line":20,"column":9},"end":{"line":20,"column":24}},"loc":{"start":{"line":20,"column":31},"end":{"line":27,"column":1}},"line":20},"3":{"name":"selectReplacementLocations","decl":{"start":{"line":29,"column":9},"end":{"line":29,"column":35}},"loc":{"start":{"line":29,"column":69},"end":{"line":58,"column":1}},"line":29},"4":{"name":"(anonymous_4)","decl":{"start":{"line":34,"column":15},"end":{"line":34,"column":16}},"loc":{"start":{"line":34,"column":39},"end":{"line":54,"column":9}},"line":34}},"branchMap":{"0":{"loc":{"start":{"line":7,"column":11},"end":{"line":9,"column":37}},"type":"cond-expr","locations":[{"start":{"line":8,"column":10},"end":{"line":8,"column":32}},{"start":{"line":9,"column":10},"end":{"line":9,"column":37}}],"line":7},"1":{"loc":{"start":{"line":15,"column":11},"end":{"line":17,"column":43}},"type":"binary-expr","locations":[{"start":{"line":15,"column":11},"end":{"line":15,"column":73}},{"start":{"line":16,"column":11},"end":{"line":16,"column":52}},{"start":{"line":17,"column":11},"end":{"line":17,"column":43}}],"line":15},"2":{"loc":{"start":{"line":21,"column":11},"end":{"line":26,"column":61}},"type":"binary-expr","locations":[{"start":{"line":21,"column":11},"end":{"line":21,"column":48}},{"start":{"line":22,"column":11},"end":{"line":22,"column":57}},{"start":{"line":23,"column":11},"end":{"line":23,"column":66}},{"start":{"line":24,"column":11},"end":{"line":24,"column":59}},{"start":{"line":25,"column":11},"end":{"line":25,"column":47}},{"start":{"line":26,"column":11},"end":{"line":26,"column":61}}],"line":21},"3":{"loc":{"start":{"line":35,"column":12},"end":{"line":42,"column":13}},"type":"if","locations":[{"start":{"line":35,"column":12},"end":{"line":42,"column":13}},{"start":{"line":35,"column":12},"end":{"line":42,"column":13}}],"line":35},"4":{"loc":{"start":{"line":44,"column":12},"end":{"line":46,"column":13}},"type":"if","locations":[{"start":{"line":44,"column":12},"end":{"line":46,"column":13}},{"start":{"line":44,"column":12},"end":{"line":46,"column":13}}],"line":44},"5":{"loc":{"start":{"line":44,"column":15},"end":{"line":44,"column":65}},"type":"binary-expr","locations":[{"start":{"line":44,"column":15},"end":{"line":44,"column":41}},{"start":{"line":44,"column":45},"end":{"line":44,"column":65}}],"line":44},"6":{"loc":{"start":{"line":48,"column":12},"end":{"line":53,"column":13}},"type":"if","locations":[{"start":{"line":48,"column":12},"end":{"line":53,"column":13}},{"start":{"line":48,"column":12},"end":{"line":53,"column":13}}],"line":48},"7":{"loc":{"start":{"line":48,"column":16},"end":{"line":51,"column":65}},"type":"binary-expr","locations":[{"start":{"line":48,"column":16},"end":{"line":48,"column":48}},{"start":{"line":49,"column":19},"end":{"line":49,"column":45}},{"start":{"line":50,"column":19},"end":{"line":50,"column":60}},{"start":{"line":51,"column":19},"end":{"line":51,"column":65}}],"line":48}},"s":{"0":1,"1":1,"2":1,"3":1,"4":4,"5":122,"6":122,"7":124,"8":4,"9":4,"10":4,"11":124,"12":2,"13":2,"14":2,"15":2,"16":122,"17":6,"18":116,"19":10,"20":4,"21":1},"f":{"0":4,"1":122,"2":124,"3":4,"4":124},"b":{"0":[0,4],"1":[122,12,10],"2":[124,8,8,2,2,2],"3":[2,122],"4":[6,116],"5":[122,8],"6":[10,106],"7":[116,31,14,10]},"_coverageSchema":"1a1c01bbd47fc00a2c39e90264f33305004495a9","hash":"dd80f6eaae773721c31d4c7e886ac17b513a51c6","contentHash":"5f21808ac89407c740d90313d673c5577156baf5abd560b75b26da0bf9471ee0"},"/Users/cmstead/Documents/projects/js-codeformer/modules/commands/surround-with/surround-with.js":{"path":"/Users/cmstead/Documents/projects/js-codeformer/modules/commands/surround-with/surround-with.js","statementMap":{"0":{"start":{"line":1,"column":23},"end":{"line":1,"column":46}},"1":{"start":{"line":4,"column":25},"end":{"line":6,"column":49}},"2":{"start":{"line":6,"column":23},"end":{"line":6,"column":48}},"3":{"start":{"line":8,"column":4},"end":{"line":8,"column":24}},"4":{"start":{"line":10,"column":4},"end":{"line":10,"column":24}},"5":{"start":{"line":14,"column":23},"end":{"line":14,"column":42}},"6":{"start":{"line":16,"column":4},"end":{"line":20,"column":5}},"7":{"start":{"line":17,"column":8},"end":{"line":17,"column":29}},"8":{"start":{"line":19,"column":8},"end":{"line":19,"column":29}},"9":{"start":{"line":24,"column":4},"end":{"line":24,"column":52}},"10":{"start":{"line":27,"column":0},"end":{"line":31,"column":2}}},"fnMap":{"0":{"name":"getTemplateList","decl":{"start":{"line":3,"column":9},"end":{"line":3,"column":24}},"loc":{"start":{"line":3,"column":38},"end":{"line":11,"column":1}},"line":3},"1":{"name":"(anonymous_1)","decl":{"start":{"line":6,"column":16},"end":{"line":6,"column":17}},"loc":{"start":{"line":6,"column":23},"end":{"line":6,"column":48}},"line":6},"2":{"name":"getLanguageSnippetName","decl":{"start":{"line":13,"column":9},"end":{"line":13,"column":31}},"loc":{"start":{"line":13,"column":42},"end":{"line":21,"column":1}},"line":13},"3":{"name":"getSnippetText","decl":{"start":{"line":23,"column":9},"end":{"line":23,"column":23}},"loc":{"start":{"line":23,"column":50},"end":{"line":25,"column":1}},"line":23}},"branchMap":{"0":{"loc":{"start":{"line":16,"column":4},"end":{"line":20,"column":5}},"type":"if","locations":[{"start":{"line":16,"column":4},"end":{"line":20,"column":5}},{"start":{"line":16,"column":4},"end":{"line":20,"column":5}}],"line":16}},"s":{"0":1,"1":1,"2":10,"3":1,"4":1,"5":6,"6":6,"7":3,"8":3,"9":1,"10":1},"f":{"0":1,"1":10,"2":6,"3":1},"b":{"0":[3,3]},"_coverageSchema":"1a1c01bbd47fc00a2c39e90264f33305004495a9","hash":"e62fab5512f209766ca807de37eec563ebd65f34","contentHash":"dee527f3d78cfd5f4fe16622628d814fadfcbce3185135f3be221c791ea87d64"},"/Users/cmstead/Documents/projects/js-codeformer/modules/commands/toggle-arguments-type/toggle-arguments-type.js":{"path":"/Users/cmstead/Documents/projects/js-codeformer/modules/commands/toggle-arguments-type/toggle-arguments-type.js","statementMap":{"0":{"start":{"line":1,"column":24},"end":{"line":1,"column":51}},"1":{"start":{"line":2,"column":31},"end":{"line":2,"column":64}},"2":{"start":{"line":5,"column":27},"end":{"line":5,"column":71}},"3":{"start":{"line":6,"column":4},"end":{"line":6,"column":82}},"4":{"start":{"line":10,"column":28},"end":{"line":12,"column":66}},"5":{"start":{"line":12,"column":12},"end":{"line":12,"column":65}},"6":{"start":{"line":14,"column":4},"end":{"line":14,"column":47}},"7":{"start":{"line":18,"column":28},"end":{"line":20,"column":59}},"8":{"start":{"line":20,"column":12},"end":{"line":20,"column":58}},"9":{"start":{"line":22,"column":4},"end":{"line":22,"column":38}},"10":{"start":{"line":26,"column":26},"end":{"line":26,"column":45}},"11":{"start":{"line":27,"column":25},"end":{"line":27,"column":43}},"12":{"start":{"line":29,"column":4},"end":{"line":32,"column":6}},"13":{"start":{"line":35,"column":0},"end":{"line":39,"column":2}}},"fnMap":{"0":{"name":"buildArgumentTabStop","decl":{"start":{"line":4,"column":9},"end":{"line":4,"column":29}},"loc":{"start":{"line":4,"column":67},"end":{"line":7,"column":1}},"line":4},"1":{"name":"buildArgumentObjectSnippet","decl":{"start":{"line":9,"column":9},"end":{"line":9,"column":35}},"loc":{"start":{"line":9,"column":50},"end":{"line":15,"column":1}},"line":9},"2":{"name":"(anonymous_2)","decl":{"start":{"line":11,"column":13},"end":{"line":11,"column":14}},"loc":{"start":{"line":12,"column":12},"end":{"line":12,"column":65}},"line":12},"3":{"name":"buildPositionalArgumentString","decl":{"start":{"line":17,"column":9},"end":{"line":17,"column":38}},"loc":{"start":{"line":17,"column":53},"end":{"line":23,"column":1}},"line":17},"4":{"name":"(anonymous_4)","decl":{"start":{"line":19,"column":13},"end":{"line":19,"column":14}},"loc":{"start":{"line":20,"column":12},"end":{"line":20,"column":58}},"line":20},"5":{"name":"getArgumentListLocation","decl":{"start":{"line":25,"column":9},"end":{"line":25,"column":32}},"loc":{"start":{"line":25,"column":47},"end":{"line":33,"column":1}},"line":25}},"branchMap":{},"s":{"0":1,"1":1,"2":4,"3":4,"4":1,"5":4,"6":1,"7":1,"8":4,"9":1,"10":1,"11":1,"12":1,"13":1},"f":{"0":4,"1":1,"2":4,"3":1,"4":4,"5":1},"b":{},"_coverageSchema":"1a1c01bbd47fc00a2c39e90264f33305004495a9","hash":"068ccbffa03cc3a6de26f38457ca2904b723690b","contentHash":"b24e564015567be0c34f213b4c013631efcf3c10855908a1589722c0916ad749"},"/Users/cmstead/Documents/projects/js-codeformer/modules/commands/toggle-parameters-type/toggle-parameters-type.js":{"path":"/Users/cmstead/Documents/projects/js-codeformer/modules/commands/toggle-parameters-type/toggle-parameters-type.js","statementMap":{"0":{"start":{"line":1,"column":74},"end":{"line":1,"column":115}},"1":{"start":{"line":2,"column":37},"end":{"line":2,"column":64}},"2":{"start":{"line":3,"column":31},"end":{"line":3,"column":64}},"3":{"start":{"line":6,"column":25},"end":{"line":6,"column":70}},"4":{"start":{"line":7,"column":4},"end":{"line":7,"column":65}},"5":{"start":{"line":11,"column":34},"end":{"line":11,"column":65}},"6":{"start":{"line":12,"column":24},"end":{"line":12,"column":25}},"7":{"start":{"line":14,"column":29},"end":{"line":28,"column":6}},"8":{"start":{"line":15,"column":34},"end":{"line":15,"column":60}},"9":{"start":{"line":17,"column":8},"end":{"line":27,"column":9}},"10":{"start":{"line":18,"column":37},"end":{"line":18,"column":82}},"11":{"start":{"line":20,"column":12},"end":{"line":20,"column":36}},"12":{"start":{"line":21,"column":15},"end":{"line":27,"column":9}},"13":{"start":{"line":22,"column":12},"end":{"line":22,"column":28}},"14":{"start":{"line":24,"column":12},"end":{"line":24,"column":79}},"15":{"start":{"line":26,"column":12},"end":{"line":26,"column":38}},"16":{"start":{"line":30,"column":4},"end":{"line":30,"column":48}},"17":{"start":{"line":34,"column":29},"end":{"line":41,"column":10}},"18":{"start":{"line":36,"column":12},"end":{"line":40,"column":13}},"19":{"start":{"line":37,"column":16},"end":{"line":37,"column":70}},"20":{"start":{"line":39,"column":16},"end":{"line":39,"column":43}},"21":{"start":{"line":43,"column":4},"end":{"line":43,"column":39}},"22":{"start":{"line":47,"column":27},"end":{"line":47,"column":47}},"23":{"start":{"line":48,"column":26},"end":{"line":48,"column":45}},"24":{"start":{"line":50,"column":4},"end":{"line":53,"column":6}},"25":{"start":{"line":56,"column":0},"end":{"line":60,"column":2}}},"fnMap":{"0":{"name":"buildParameterTabStop","decl":{"start":{"line":5,"column":9},"end":{"line":5,"column":30}},"loc":{"start":{"line":5,"column":69},"end":{"line":8,"column":1}},"line":5},"1":{"name":"buildParameterObjectSnippet","decl":{"start":{"line":10,"column":9},"end":{"line":10,"column":36}},"loc":{"start":{"line":10,"column":57},"end":{"line":31,"column":1}},"line":10},"2":{"name":"(anonymous_2)","decl":{"start":{"line":14,"column":44},"end":{"line":14,"column":45}},"loc":{"start":{"line":14,"column":61},"end":{"line":28,"column":5}},"line":14},"3":{"name":"buildPositionalParameterString","decl":{"start":{"line":33,"column":9},"end":{"line":33,"column":39}},"loc":{"start":{"line":33,"column":60},"end":{"line":44,"column":1}},"line":33},"4":{"name":"(anonymous_4)","decl":{"start":{"line":35,"column":13},"end":{"line":35,"column":14}},"loc":{"start":{"line":35,"column":25},"end":{"line":41,"column":9}},"line":35},"5":{"name":"getParameterListLocation","decl":{"start":{"line":46,"column":9},"end":{"line":46,"column":33}},"loc":{"start":{"line":46,"column":49},"end":{"line":54,"column":1}},"line":46}},"branchMap":{"0":{"loc":{"start":{"line":17,"column":8},"end":{"line":27,"column":9}},"type":"if","locations":[{"start":{"line":17,"column":8},"end":{"line":27,"column":9}},{"start":{"line":17,"column":8},"end":{"line":27,"column":9}}],"line":17},"1":{"loc":{"start":{"line":21,"column":15},"end":{"line":27,"column":9}},"type":"if","locations":[{"start":{"line":21,"column":15},"end":{"line":27,"column":9}},{"start":{"line":21,"column":15},"end":{"line":27,"column":9}}],"line":21},"2":{"loc":{"start":{"line":36,"column":12},"end":{"line":40,"column":13}},"type":"if","locations":[{"start":{"line":36,"column":12},"end":{"line":40,"column":13}},{"start":{"line":36,"column":12},"end":{"line":40,"column":13}}],"line":36}},"s":{"0":1,"1":1,"2":1,"3":2,"4":2,"5":1,"6":1,"7":1,"8":4,"9":4,"10":1,"11":1,"12":3,"13":2,"14":2,"15":1,"16":1,"17":1,"18":4,"19":3,"20":1,"21":1,"22":0,"23":0,"24":0,"25":1},"f":{"0":2,"1":1,"2":4,"3":1,"4":4,"5":0},"b":{"0":[1,3],"1":[2,1],"2":[3,1]},"_coverageSchema":"1a1c01bbd47fc00a2c39e90264f33305004495a9","hash":"20497ea3225b37ada8cb1176e77b972d9934baea","contentHash":"2e27b9908c26b8bd1259175013782b1a1612189fc033f1cdcd23918769e2d5ea"},"/Users/cmstead/Documents/projects/js-codeformer/modules/commands/toggle-property-declaration/toggle-property-declaration.js":{"path":"/Users/cmstead/Documents/projects/js-codeformer/modules/commands/toggle-property-declaration/toggle-property-declaration.js","statementMap":{"0":{"start":{"line":1,"column":23},"end":{"line":1,"column":64}},"1":{"start":{"line":2,"column":24},"end":{"line":2,"column":51}},"2":{"start":{"line":5,"column":4},"end":{"line":7,"column":27}},"3":{"start":{"line":11,"column":24},"end":{"line":11,"column":52}},"4":{"start":{"line":13,"column":4},"end":{"line":13,"column":44}},"5":{"start":{"line":17,"column":4},"end":{"line":17,"column":34}},"6":{"start":{"line":21,"column":4},"end":{"line":23,"column":47}},"7":{"start":{"line":27,"column":4},"end":{"line":27,"column":67}},"8":{"start":{"line":30,"column":0},"end":{"line":33,"column":2}}},"fnMap":{"0":{"name":"getPropertyKey","decl":{"start":{"line":4,"column":9},"end":{"line":4,"column":23}},"loc":{"start":{"line":4,"column":38},"end":{"line":8,"column":1}},"line":4},"1":{"name":"buildStandardDeclaration","decl":{"start":{"line":10,"column":9},"end":{"line":10,"column":33}},"loc":{"start":{"line":10,"column":48},"end":{"line":14,"column":1}},"line":10},"2":{"name":"getValueIdentifierName","decl":{"start":{"line":16,"column":9},"end":{"line":16,"column":31}},"loc":{"start":{"line":16,"column":46},"end":{"line":18,"column":1}},"line":16},"3":{"name":"getPropertyDeclarationString","decl":{"start":{"line":20,"column":9},"end":{"line":20,"column":37}},"loc":{"start":{"line":20,"column":52},"end":{"line":24,"column":1}},"line":20},"4":{"name":"isConvertablePropertyNode","decl":{"start":{"line":26,"column":9},"end":{"line":26,"column":34}},"loc":{"start":{"line":26,"column":41},"end":{"line":28,"column":1}},"line":26}},"branchMap":{"0":{"loc":{"start":{"line":5,"column":11},"end":{"line":7,"column":26}},"type":"cond-expr","locations":[{"start":{"line":6,"column":10},"end":{"line":6,"column":31}},{"start":{"line":7,"column":10},"end":{"line":7,"column":26}}],"line":5},"1":{"loc":{"start":{"line":21,"column":11},"end":{"line":23,"column":46}},"type":"cond-expr","locations":[{"start":{"line":22,"column":10},"end":{"line":22,"column":48}},{"start":{"line":23,"column":10},"end":{"line":23,"column":46}}],"line":21},"2":{"loc":{"start":{"line":27,"column":11},"end":{"line":27,"column":67}},"type":"binary-expr","locations":[{"start":{"line":27,"column":11},"end":{"line":27,"column":25}},{"start":{"line":27,"column":29},"end":{"line":27,"column":67}}],"line":27}},"s":{"0":1,"1":1,"2":1,"3":1,"4":1,"5":1,"6":2,"7":3,"8":1},"f":{"0":1,"1":1,"2":1,"3":2,"4":3},"b":{"0":[1,0],"1":[1,1],"2":[3,2]},"_coverageSchema":"1a1c01bbd47fc00a2c39e90264f33305004495a9","hash":"192f39647527f4648e95573791571cc1ba7e7748","contentHash":"a07f009ccb44a4210e19660bcb027a5c5c69c1f6293ec20eae63c3504016f341"},"/Users/cmstead/Documents/projects/js-codeformer/modules/function-utils/function-location.js":{"path":"/Users/cmstead/Documents/projects/js-codeformer/modules/function-utils/function-location.js","statementMap":{"0":{"start":{"line":1,"column":24},"end":{"line":1,"column":48}},"1":{"start":{"line":4,"column":22},"end":{"line":4,"column":33}},"2":{"start":{"line":5,"column":21},"end":{"line":5,"column":31}},"3":{"start":{"line":7,"column":4},"end":{"line":16,"column":6}},"4":{"start":{"line":20,"column":4},"end":{"line":33,"column":5}},"5":{"start":{"line":21,"column":8},"end":{"line":21,"column":46}},"6":{"start":{"line":23,"column":8},"end":{"line":32,"column":9}},"7":{"start":{"line":36,"column":0},"end":{"line":38,"column":2}}},"fnMap":{"0":{"name":"buildBodyCoordinates","decl":{"start":{"line":3,"column":9},"end":{"line":3,"column":29}},"loc":{"start":{"line":3,"column":40},"end":{"line":17,"column":1}},"line":3},"1":{"name":"getBodyCoordinates","decl":{"start":{"line":19,"column":9},"end":{"line":19,"column":27}},"loc":{"start":{"line":19,"column":38},"end":{"line":34,"column":1}},"line":19}},"branchMap":{"0":{"loc":{"start":{"line":20,"column":4},"end":{"line":33,"column":5}},"type":"if","locations":[{"start":{"line":20,"column":4},"end":{"line":33,"column":5}},{"start":{"line":20,"column":4},"end":{"line":33,"column":5}}],"line":20}},"s":{"0":1,"1":1,"2":1,"3":1,"4":2,"5":1,"6":1,"7":1},"f":{"0":1,"1":2},"b":{"0":[1,1]},"_coverageSchema":"1a1c01bbd47fc00a2c39e90264f33305004495a9","hash":"f456509850aa23dce854dac3b642f1bf25220710","contentHash":"e8bf4c5707078c59c480ee7ec304d9a862e60fbe7d02ef692374e29c13906c0a"}}